{"C:\\Users\\didie\\Desktop\\8to\\Mantenimiento de Software\\C3\\habitat-monitoring\\BackEnd_API\\src\\app.ts": {"path":"C:\\Users\\didie\\Desktop\\8to\\Mantenimiento de Software\\C3\\habitat-monitoring\\BackEnd_API\\src\\app.ts","statementMap":{"0":{"start":{"line":1,"column":0},"end":{"line":1,"column":30}},"1":{"start":{"line":2,"column":0},"end":{"line":2,"column":24}},"2":{"start":{"line":3,"column":0},"end":{"line":3,"column":28}},"3":{"start":{"line":4,"column":0},"end":{"line":4,"column":37}},"4":{"start":{"line":5,"column":0},"end":{"line":5,"column":69}},"5":{"start":{"line":6,"column":0},"end":{"line":6,"column":75}},"6":{"start":{"line":7,"column":0},"end":{"line":7,"column":76}},"7":{"start":{"line":8,"column":0},"end":{"line":8,"column":71}},"8":{"start":{"line":9,"column":0},"end":{"line":9,"column":80}},"9":{"start":{"line":10,"column":0},"end":{"line":10,"column":99}},"10":{"start":{"line":13,"column":0},"end":{"line":13,"column":16}},"11":{"start":{"line":16,"column":12},"end":{"line":16,"column":21}},"12":{"start":{"line":60,"column":9},"end":{"line":60,"column":12}},"13":{"start":{"line":19,"column":0},"end":{"line":19,"column":16}},"14":{"start":{"line":20,"column":0},"end":{"line":20,"column":24}},"15":{"start":{"line":21,"column":0},"end":{"line":21,"column":51}},"16":{"start":{"line":22,"column":0},"end":{"line":22,"column":27}},"17":{"start":{"line":25,"column":0},"end":{"line":25,"column":36}},"18":{"start":{"line":26,"column":0},"end":{"line":26,"column":40}},"19":{"start":{"line":27,"column":0},"end":{"line":27,"column":40}},"20":{"start":{"line":28,"column":0},"end":{"line":28,"column":36}},"21":{"start":{"line":31,"column":24},"end":{"line":31,"column":50}},"22":{"start":{"line":60,"column":36},"end":{"line":60,"column":51}},"23":{"start":{"line":32,"column":29},"end":{"line":32,"column":70}},"24":{"start":{"line":60,"column":14},"end":{"line":60,"column":34}},"25":{"start":{"line":35,"column":19},"end":{"line":35,"column":52}},"26":{"start":{"line":36,"column":17},"end":{"line":36,"column":58}},"27":{"start":{"line":37,"column":17},"end":{"line":37,"column":48}},"28":{"start":{"line":38,"column":21},"end":{"line":38,"column":56}},"29":{"start":{"line":41,"column":0},"end":{"line":48,"column":3}},"30":{"start":{"line":42,"column":2},"end":{"line":42,"column":38}},"31":{"start":{"line":43,"column":2},"end":{"line":47,"column":5}},"32":{"start":{"line":51,"column":0},"end":{"line":57,"column":3}},"33":{"start":{"line":52,"column":2},"end":{"line":56,"column":5}}},"fnMap":{"0":{"name":"(anonymous_1)","decl":{"start":{"line":41,"column":8},"end":{"line":41,"column":9}},"loc":{"start":{"line":41,"column":94},"end":{"line":48,"column":1}}},"1":{"name":"(anonymous_2)","decl":{"start":{"line":51,"column":19},"end":{"line":51,"column":20}},"loc":{"start":{"line":51,"column":32},"end":{"line":57,"column":1}}}},"branchMap":{"0":{"loc":{"start":{"line":46,"column":8},"end":{"line":46,"column":65}},"type":"binary-expr","locations":[{"start":{"line":46,"column":8},"end":{"line":46,"column":39}},{"start":{"line":46,"column":43},"end":{"line":46,"column":65}}]},"1":{"loc":{"start":{"line":55,"column":17},"end":{"line":55,"column":54}},"type":"binary-expr","locations":[{"start":{"line":55,"column":17},"end":{"line":55,"column":37}},{"start":{"line":55,"column":41},"end":{"line":55,"column":54}}]}},"s":{"0":5,"1":5,"2":5,"3":5,"4":5,"5":5,"6":5,"7":5,"8":5,"9":5,"10":5,"11":5,"12":5,"13":5,"14":5,"15":5,"16":5,"17":5,"18":5,"19":5,"20":5,"21":5,"22":5,"23":5,"24":5,"25":5,"26":5,"27":5,"28":5,"29":5,"30":0,"31":0,"32":5,"33":0},"f":{"0":0,"1":0},"b":{"0":[0,0],"1":[0,0]}}
,"C:\\Users\\didie\\Desktop\\8to\\Mantenimiento de Software\\C3\\habitat-monitoring\\BackEnd_API\\src\\animal\\application\\GetAllAnimalUseCase.ts": {"path":"C:\\Users\\didie\\Desktop\\8to\\Mantenimiento de Software\\C3\\habitat-monitoring\\BackEnd_API\\src\\animal\\application\\GetAllAnimalUseCase.ts","statementMap":{"0":{"start":{"line":4,"column":24},"end":{"line":4,"column":58}},"1":{"start":{"line":7,"column":8},"end":{"line":7,"column":52}},"2":{"start":{"line":3,"column":0},"end":{"line":3,"column":13}}},"fnMap":{"0":{"name":"(anonymous_7)","decl":{"start":{"line":4,"column":4},"end":{"line":4,"column":24}},"loc":{"start":{"line":4,"column":58},"end":{"line":4,"column":62}}},"1":{"name":"(anonymous_8)","decl":{"start":{"line":6,"column":10},"end":{"line":6,"column":16}},"loc":{"start":{"line":6,"column":16},"end":{"line":8,"column":null}}}},"branchMap":{},"s":{"0":5,"1":0,"2":5},"f":{"0":5,"1":0},"b":{}}
,"C:\\Users\\didie\\Desktop\\8to\\Mantenimiento de Software\\C3\\habitat-monitoring\\BackEnd_API\\src\\animal\\application\\GetByIdAnimalUseCase.ts": {"path":"C:\\Users\\didie\\Desktop\\8to\\Mantenimiento de Software\\C3\\habitat-monitoring\\BackEnd_API\\src\\animal\\application\\GetByIdAnimalUseCase.ts","statementMap":{"0":{"start":{"line":5,"column":24},"end":{"line":5,"column":52}},"1":{"start":{"line":8,"column":23},"end":{"line":8,"column":56}},"2":{"start":{"line":10,"column":8},"end":{"line":12,"column":9}},"3":{"start":{"line":11,"column":12},"end":{"line":11,"column":24}},"4":{"start":{"line":14,"column":8},"end":{"line":16,"column":9}},"5":{"start":{"line":15,"column":12},"end":{"line":15,"column":80}},"6":{"start":{"line":18,"column":8},"end":{"line":18,"column":22}},"7":{"start":{"line":4,"column":0},"end":{"line":4,"column":13}}},"fnMap":{"0":{"name":"(anonymous_7)","decl":{"start":{"line":5,"column":4},"end":{"line":5,"column":24}},"loc":{"start":{"line":5,"column":52},"end":{"line":5,"column":57}}},"1":{"name":"(anonymous_8)","decl":{"start":{"line":7,"column":10},"end":{"line":7,"column":17}},"loc":{"start":{"line":7,"column":44},"end":{"line":19,"column":null}}}},"branchMap":{"0":{"loc":{"start":{"line":10,"column":8},"end":{"line":12,"column":9}},"type":"if","locations":[{"start":{"line":10,"column":8},"end":{"line":12,"column":9}},{"start":{},"end":{}}]},"1":{"loc":{"start":{"line":14,"column":8},"end":{"line":16,"column":9}},"type":"if","locations":[{"start":{"line":14,"column":8},"end":{"line":16,"column":9}},{"start":{},"end":{}}]}},"s":{"0":5,"1":0,"2":0,"3":0,"4":0,"5":0,"6":0,"7":5},"f":{"0":5,"1":0},"b":{"0":[0,0],"1":[0,0]}}
,"C:\\Users\\didie\\Desktop\\8to\\Mantenimiento de Software\\C3\\habitat-monitoring\\BackEnd_API\\src\\animal\\application\\RegisterAnimalUseCase.ts": {"path":"C:\\Users\\didie\\Desktop\\8to\\Mantenimiento de Software\\C3\\habitat-monitoring\\BackEnd_API\\src\\animal\\application\\RegisterAnimalUseCase.ts","statementMap":{"0":{"start":{"line":5,"column":24},"end":{"line":5,"column":52}},"1":{"start":{"line":8,"column":8},"end":{"line":8,"column":32}},"2":{"start":{"line":9,"column":8},"end":{"line":9,"column":53}},"3":{"start":{"line":4,"column":0},"end":{"line":4,"column":13}}},"fnMap":{"0":{"name":"(anonymous_7)","decl":{"start":{"line":5,"column":4},"end":{"line":5,"column":24}},"loc":{"start":{"line":5,"column":52},"end":{"line":5,"column":57}}},"1":{"name":"(anonymous_8)","decl":{"start":{"line":7,"column":10},"end":{"line":7,"column":24}},"loc":{"start":{"line":7,"column":55},"end":{"line":10,"column":null}}}},"branchMap":{},"s":{"0":5,"1":0,"2":0,"3":5},"f":{"0":5,"1":0},"b":{}}
,"C:\\Users\\didie\\Desktop\\8to\\Mantenimiento de Software\\C3\\habitat-monitoring\\BackEnd_API\\src\\animal\\domain\\Animal.ts": {"path":"C:\\Users\\didie\\Desktop\\8to\\Mantenimiento de Software\\C3\\habitat-monitoring\\BackEnd_API\\src\\animal\\domain\\Animal.ts","statementMap":{"0":{"start":{"line":14,"column":8},"end":{"line":14,"column":21}},"1":{"start":{"line":15,"column":8},"end":{"line":15,"column":25}},"2":{"start":{"line":16,"column":8},"end":{"line":16,"column":27}},"3":{"start":{"line":17,"column":8},"end":{"line":17,"column":31}},"4":{"start":{"line":18,"column":8},"end":{"line":18,"column":23}},"5":{"start":{"line":19,"column":8},"end":{"line":19,"column":29}},"6":{"start":{"line":20,"column":8},"end":{"line":20,"column":27}},"7":{"start":{"line":21,"column":8},"end":{"line":21,"column":25}},"8":{"start":{"line":22,"column":8},"end":{"line":22,"column":31}},"9":{"start":{"line":23,"column":8},"end":{"line":23,"column":27}},"10":{"start":{"line":1,"column":0},"end":{"line":1,"column":13}}},"fnMap":{"0":{"name":"(anonymous_0)","decl":{"start":{"line":13,"column":4},"end":{"line":13,"column":16}},"loc":{"start":{"line":13,"column":162},"end":{"line":24,"column":5}}}},"branchMap":{},"s":{"0":0,"1":0,"2":0,"3":0,"4":0,"5":0,"6":0,"7":0,"8":0,"9":0,"10":5},"f":{"0":0},"b":{}}
,"C:\\Users\\didie\\Desktop\\8to\\Mantenimiento de Software\\C3\\habitat-monitoring\\BackEnd_API\\src\\animal\\infrasctucture\\dependencies.ts": {"path":"C:\\Users\\didie\\Desktop\\8to\\Mantenimiento de Software\\C3\\habitat-monitoring\\BackEnd_API\\src\\animal\\infrasctucture\\dependencies.ts","statementMap":{"0":{"start":{"line":1,"column":0},"end":{"line":1,"column":81}},"1":{"start":{"line":2,"column":0},"end":{"line":2,"column":77}},"2":{"start":{"line":3,"column":0},"end":{"line":3,"column":79}},"3":{"start":{"line":4,"column":0},"end":{"line":4,"column":77}},"4":{"start":{"line":5,"column":0},"end":{"line":5,"column":73}},"5":{"start":{"line":6,"column":0},"end":{"line":6,"column":75}},"6":{"start":{"line":7,"column":0},"end":{"line":7,"column":81}},"7":{"start":{"line":10,"column":43},"end":{"line":10,"column":70}},"8":{"start":{"line":12,"column":13},"end":{"line":12,"column":81}},"9":{"start":{"line":13,"column":13},"end":{"line":13,"column":77}},"10":{"start":{"line":14,"column":13},"end":{"line":14,"column":79}},"11":{"start":{"line":16,"column":13},"end":{"line":16,"column":92}},"12":{"start":{"line":17,"column":13},"end":{"line":17,"column":86}},"13":{"start":{"line":18,"column":13},"end":{"line":18,"column":89}}},"fnMap":{},"branchMap":{},"s":{"0":5,"1":5,"2":5,"3":5,"4":5,"5":5,"6":5,"7":5,"8":5,"9":5,"10":5,"11":5,"12":5,"13":5},"f":{},"b":{}}
,"C:\\Users\\didie\\Desktop\\8to\\Mantenimiento de Software\\C3\\habitat-monitoring\\BackEnd_API\\src\\animal\\infrasctucture\\adapters\\mongo\\MongoDBAnimalRepository.ts": {"path":"C:\\Users\\didie\\Desktop\\8to\\Mantenimiento de Software\\C3\\habitat-monitoring\\BackEnd_API\\src\\animal\\infrasctucture\\adapters\\mongo\\MongoDBAnimalRepository.ts","statementMap":{"0":{"start":{"line":1,"column":0},"end":{"line":1,"column":61}},"1":{"start":{"line":2,"column":0},"end":{"line":2,"column":48}},"2":{"start":{"line":4,"column":0},"end":{"line":4,"column":35}},"3":{"start":{"line":8,"column":33},"end":{"line":8,"column":62}},"4":{"start":{"line":9,"column":24},"end":{"line":9,"column":63}},"5":{"start":{"line":10,"column":8},"end":{"line":21,"column":11}},"6":{"start":{"line":10,"column":37},"end":{"line":20,"column":null}},"7":{"start":{"line":25,"column":33},"end":{"line":25,"column":62}},"8":{"start":{"line":26,"column":8},"end":{"line":26,"column":49}},"9":{"start":{"line":30,"column":33},"end":{"line":30,"column":62}},"10":{"start":{"line":31,"column":23},"end":{"line":31,"column":80}},"11":{"start":{"line":32,"column":8},"end":{"line":45,"column":9}},"12":{"start":{"line":33,"column":12},"end":{"line":44,"column":14}},"13":{"start":{"line":46,"column":8},"end":{"line":46,"column":20}},"14":{"start":{"line":50,"column":33},"end":{"line":50,"column":62}},"15":{"start":{"line":51,"column":24},"end":{"line":51,"column":74}},"16":{"start":{"line":52,"column":8},"end":{"line":63,"column":11}},"17":{"start":{"line":52,"column":37},"end":{"line":62,"column":null}},"18":{"start":{"line":6,"column":0},"end":{"line":6,"column":13}}},"fnMap":{"0":{"name":"(anonymous_7)","decl":{"start":{"line":7,"column":10},"end":{"line":7,"column":16}},"loc":{"start":{"line":7,"column":16},"end":{"line":22,"column":null}}},"1":{"name":"(anonymous_9)","decl":{"start":{"line":10,"column":27},"end":{"line":10,"column":33}},"loc":{"start":{"line":10,"column":37},"end":{"line":20,"column":null}}},"2":{"name":"(anonymous_10)","decl":{"start":{"line":24,"column":10},"end":{"line":24,"column":24}},"loc":{"start":{"line":24,"column":39},"end":{"line":27,"column":null}}},"3":{"name":"(anonymous_12)","decl":{"start":{"line":29,"column":10},"end":{"line":29,"column":17}},"loc":{"start":{"line":29,"column":28},"end":{"line":47,"column":null}}},"4":{"name":"(anonymous_14)","decl":{"start":{"line":49,"column":10},"end":{"line":49,"column":29}},"loc":{"start":{"line":49,"column":45},"end":{"line":64,"column":null}}},"5":{"name":"(anonymous_16)","decl":{"start":{"line":52,"column":27},"end":{"line":52,"column":33}},"loc":{"start":{"line":52,"column":37},"end":{"line":62,"column":null}}}},"branchMap":{"0":{"loc":{"start":{"line":32,"column":8},"end":{"line":45,"column":9}},"type":"if","locations":[{"start":{"line":32,"column":8},"end":{"line":45,"column":9}},{"start":{},"end":{}}]}},"s":{"0":0,"1":0,"2":0,"3":0,"4":0,"5":0,"6":0,"7":0,"8":0,"9":0,"10":0,"11":0,"12":0,"13":0,"14":0,"15":0,"16":0,"17":0,"18":0},"f":{"0":0,"1":0,"2":0,"3":0,"4":0,"5":0},"b":{"0":[0,0]}}
,"C:\\Users\\didie\\Desktop\\8to\\Mantenimiento de Software\\C3\\habitat-monitoring\\BackEnd_API\\src\\animal\\infrasctucture\\adapters\\mysql\\MySqlDBAnimalRepository.ts": {"path":"C:\\Users\\didie\\Desktop\\8to\\Mantenimiento de Software\\C3\\habitat-monitoring\\BackEnd_API\\src\\animal\\infrasctucture\\adapters\\mysql\\MySqlDBAnimalRepository.ts","statementMap":{"0":{"start":{"line":1,"column":0},"end":{"line":1,"column":48}},"1":{"start":{"line":3,"column":0},"end":{"line":3,"column":68}},"2":{"start":{"line":7,"column":27},"end":{"line":7,"column":49}},"3":{"start":{"line":8,"column":20},"end":{"line":8,"column":43}},"4":{"start":{"line":9,"column":23},"end":{"line":9,"column":52}},"5":{"start":{"line":10,"column":24},"end":{"line":10,"column":37}},"6":{"start":{"line":12,"column":8},"end":{"line":23,"column":11}},"7":{"start":{"line":12,"column":37},"end":{"line":22,"column":null}},"8":{"start":{"line":27,"column":27},"end":{"line":27,"column":49}},"9":{"start":{"line":29,"column":20},"end":{"line":29,"column":141}},"10":{"start":{"line":30,"column":8},"end":{"line":30,"column":167}},"11":{"start":{"line":34,"column":27},"end":{"line":34,"column":49}},"12":{"start":{"line":35,"column":20},"end":{"line":35,"column":56}},"13":{"start":{"line":36,"column":23},"end":{"line":36,"column":58}},"14":{"start":{"line":37,"column":24},"end":{"line":37,"column":37}},"15":{"start":{"line":39,"column":8},"end":{"line":41,"column":9}},"16":{"start":{"line":40,"column":12},"end":{"line":40,"column":24}},"17":{"start":{"line":43,"column":23},"end":{"line":43,"column":33}},"18":{"start":{"line":44,"column":8},"end":{"line":55,"column":10}},"19":{"start":{"line":59,"column":27},"end":{"line":59,"column":49}},"20":{"start":{"line":60,"column":20},"end":{"line":60,"column":61}},"21":{"start":{"line":61,"column":23},"end":{"line":61,"column":63}},"22":{"start":{"line":62,"column":24},"end":{"line":62,"column":37}},"23":{"start":{"line":64,"column":8},"end":{"line":75,"column":11}},"24":{"start":{"line":64,"column":37},"end":{"line":74,"column":null}},"25":{"start":{"line":5,"column":0},"end":{"line":5,"column":13}}},"fnMap":{"0":{"name":"(anonymous_7)","decl":{"start":{"line":6,"column":10},"end":{"line":6,"column":16}},"loc":{"start":{"line":6,"column":16},"end":{"line":24,"column":null}}},"1":{"name":"(anonymous_9)","decl":{"start":{"line":12,"column":27},"end":{"line":12,"column":33}},"loc":{"start":{"line":12,"column":37},"end":{"line":22,"column":null}}},"2":{"name":"(anonymous_10)","decl":{"start":{"line":26,"column":10},"end":{"line":26,"column":24}},"loc":{"start":{"line":26,"column":39},"end":{"line":31,"column":null}}},"3":{"name":"(anonymous_12)","decl":{"start":{"line":33,"column":10},"end":{"line":33,"column":17}},"loc":{"start":{"line":33,"column":28},"end":{"line":56,"column":null}}},"4":{"name":"(anonymous_14)","decl":{"start":{"line":58,"column":10},"end":{"line":58,"column":29}},"loc":{"start":{"line":58,"column":45},"end":{"line":76,"column":null}}},"5":{"name":"(anonymous_16)","decl":{"start":{"line":64,"column":27},"end":{"line":64,"column":33}},"loc":{"start":{"line":64,"column":37},"end":{"line":74,"column":null}}}},"branchMap":{"0":{"loc":{"start":{"line":39,"column":8},"end":{"line":41,"column":9}},"type":"if","locations":[{"start":{"line":39,"column":8},"end":{"line":41,"column":9}},{"start":{},"end":{}}]}},"s":{"0":5,"1":5,"2":0,"3":0,"4":0,"5":0,"6":0,"7":0,"8":0,"9":0,"10":0,"11":0,"12":0,"13":0,"14":0,"15":0,"16":0,"17":0,"18":0,"19":0,"20":0,"21":0,"22":0,"23":0,"24":0,"25":5},"f":{"0":0,"1":0,"2":0,"3":0,"4":0,"5":0},"b":{"0":[0,0]}}
,"C:\\Users\\didie\\Desktop\\8to\\Mantenimiento de Software\\C3\\habitat-monitoring\\BackEnd_API\\src\\animal\\infrasctucture\\controller\\GetAllAnimalController.ts": {"path":"C:\\Users\\didie\\Desktop\\8to\\Mantenimiento de Software\\C3\\habitat-monitoring\\BackEnd_API\\src\\animal\\infrasctucture\\controller\\GetAllAnimalController.ts","statementMap":{"0":{"start":{"line":5,"column":24},"end":{"line":5,"column":64}},"1":{"start":{"line":8,"column":8},"end":{"line":22,"column":9}},"2":{"start":{"line":9,"column":28},"end":{"line":9,"column":47}},"3":{"start":{"line":10,"column":28},"end":{"line":10,"column":67}},"4":{"start":{"line":12,"column":12},"end":{"line":15,"column":15}},"5":{"start":{"line":17,"column":33},"end":{"line":17,"column":98}},"6":{"start":{"line":18,"column":12},"end":{"line":21,"column":15}},"7":{"start":{"line":4,"column":0},"end":{"line":4,"column":13}}},"fnMap":{"0":{"name":"(anonymous_7)","decl":{"start":{"line":5,"column":4},"end":{"line":5,"column":24}},"loc":{"start":{"line":5,"column":64},"end":{"line":5,"column":69}}},"1":{"name":"(anonymous_8)","decl":{"start":{"line":7,"column":10},"end":{"line":7,"column":13}},"loc":{"start":{"line":7,"column":41},"end":{"line":23,"column":null}}}},"branchMap":{"0":{"loc":{"start":{"line":17,"column":33},"end":{"line":17,"column":98}},"type":"cond-expr","locations":[{"start":{"line":17,"column":58},"end":{"line":17,"column":71}},{"start":{"line":17,"column":74},"end":{"line":17,"column":98}}]}},"s":{"0":5,"1":0,"2":0,"3":0,"4":0,"5":0,"6":0,"7":5},"f":{"0":5,"1":0},"b":{"0":[0,0]}}
,"C:\\Users\\didie\\Desktop\\8to\\Mantenimiento de Software\\C3\\habitat-monitoring\\BackEnd_API\\src\\animal\\infrasctucture\\controller\\GetByIdAnimalController.ts": {"path":"C:\\Users\\didie\\Desktop\\8to\\Mantenimiento de Software\\C3\\habitat-monitoring\\BackEnd_API\\src\\animal\\infrasctucture\\controller\\GetByIdAnimalController.ts","statementMap":{"0":{"start":{"line":7,"column":24},"end":{"line":7,"column":66}},"1":{"start":{"line":10,"column":8},"end":{"line":26,"column":9}},"2":{"start":{"line":11,"column":27},"end":{"line":11,"column":37}},"3":{"start":{"line":12,"column":28},"end":{"line":12,"column":47}},"4":{"start":{"line":13,"column":27},"end":{"line":13,"column":78}},"5":{"start":{"line":15,"column":12},"end":{"line":19,"column":15}},"6":{"start":{"line":21,"column":33},"end":{"line":21,"column":98}},"7":{"start":{"line":22,"column":12},"end":{"line":25,"column":15}},"8":{"start":{"line":6,"column":0},"end":{"line":6,"column":13}}},"fnMap":{"0":{"name":"(anonymous_7)","decl":{"start":{"line":7,"column":4},"end":{"line":7,"column":24}},"loc":{"start":{"line":7,"column":66},"end":{"line":7,"column":71}}},"1":{"name":"(anonymous_8)","decl":{"start":{"line":9,"column":10},"end":{"line":9,"column":13}},"loc":{"start":{"line":9,"column":41},"end":{"line":27,"column":null}}}},"branchMap":{"0":{"loc":{"start":{"line":21,"column":33},"end":{"line":21,"column":98}},"type":"cond-expr","locations":[{"start":{"line":21,"column":58},"end":{"line":21,"column":71}},{"start":{"line":21,"column":74},"end":{"line":21,"column":98}}]}},"s":{"0":5,"1":0,"2":0,"3":0,"4":0,"5":0,"6":0,"7":0,"8":5},"f":{"0":5,"1":0},"b":{"0":[0,0]}}
,"C:\\Users\\didie\\Desktop\\8to\\Mantenimiento de Software\\C3\\habitat-monitoring\\BackEnd_API\\src\\animal\\infrasctucture\\controller\\RegisterAnimalController.ts": {"path":"C:\\Users\\didie\\Desktop\\8to\\Mantenimiento de Software\\C3\\habitat-monitoring\\BackEnd_API\\src\\animal\\infrasctucture\\controller\\RegisterAnimalController.ts","statementMap":{"0":{"start":{"line":3,"column":0},"end":{"line":3,"column":45}},"1":{"start":{"line":6,"column":24},"end":{"line":6,"column":68}},"2":{"start":{"line":9,"column":8},"end":{"line":37,"column":9}},"3":{"start":{"line":10,"column":78},"end":{"line":10,"column":86}},"4":{"start":{"line":11,"column":28},"end":{"line":11,"column":47}},"5":{"start":{"line":13,"column":27},"end":{"line":23,"column":null}},"6":{"start":{"line":25,"column":12},"end":{"line":25,"column":76}},"7":{"start":{"line":27,"column":12},"end":{"line":30,"column":15}},"8":{"start":{"line":32,"column":33},"end":{"line":32,"column":98}},"9":{"start":{"line":33,"column":12},"end":{"line":36,"column":15}},"10":{"start":{"line":5,"column":0},"end":{"line":5,"column":13}}},"fnMap":{"0":{"name":"(anonymous_7)","decl":{"start":{"line":6,"column":4},"end":{"line":6,"column":24}},"loc":{"start":{"line":6,"column":68},"end":{"line":6,"column":72}}},"1":{"name":"(anonymous_8)","decl":{"start":{"line":8,"column":10},"end":{"line":8,"column":13}},"loc":{"start":{"line":8,"column":41},"end":{"line":38,"column":null}}}},"branchMap":{"0":{"loc":{"start":{"line":32,"column":33},"end":{"line":32,"column":98}},"type":"cond-expr","locations":[{"start":{"line":32,"column":58},"end":{"line":32,"column":71}},{"start":{"line":32,"column":74},"end":{"line":32,"column":98}}]}},"s":{"0":5,"1":5,"2":0,"3":0,"4":0,"5":0,"6":0,"7":0,"8":0,"9":0,"10":5},"f":{"0":5,"1":0},"b":{"0":[0,0]}}
,"C:\\Users\\didie\\Desktop\\8to\\Mantenimiento de Software\\C3\\habitat-monitoring\\BackEnd_API\\src\\animal\\infrasctucture\\routes\\AnimalRoutes.ts": {"path":"C:\\Users\\didie\\Desktop\\8to\\Mantenimiento de Software\\C3\\habitat-monitoring\\BackEnd_API\\src\\animal\\infrasctucture\\routes\\AnimalRoutes.ts","statementMap":{"0":{"start":{"line":1,"column":0},"end":{"line":1,"column":33}},"1":{"start":{"line":2,"column":0},"end":{"line":2,"column":108}},"2":{"start":{"line":3,"column":0},"end":{"line":3,"column":60}},"3":{"start":{"line":5,"column":13},"end":{"line":5,"column":37}},"4":{"start":{"line":7,"column":0},"end":{"line":7,"column":109}},"5":{"start":{"line":9,"column":0},"end":{"line":9,"column":99}},"6":{"start":{"line":11,"column":0},"end":{"line":11,"column":101}}},"fnMap":{},"branchMap":{},"s":{"0":5,"1":5,"2":5,"3":5,"4":5,"5":5,"6":5},"f":{},"b":{}}
,"C:\\Users\\didie\\Desktop\\8to\\Mantenimiento de Software\\C3\\habitat-monitoring\\BackEnd_API\\src\\auth\\application\\GetAllUsersWithAnimalsUseCase .ts": {"path":"C:\\Users\\didie\\Desktop\\8to\\Mantenimiento de Software\\C3\\habitat-monitoring\\BackEnd_API\\src\\auth\\application\\GetAllUsersWithAnimalsUseCase .ts","statementMap":{"0":{"start":{"line":6,"column":24},"end":{"line":6,"column":54}},"1":{"start":{"line":6,"column":64},"end":{"line":6,"column":98}},"2":{"start":{"line":9,"column":22},"end":{"line":9,"column":61}},"3":{"start":{"line":10,"column":8},"end":{"line":13,"column":9}},"4":{"start":{"line":11,"column":28},"end":{"line":11,"column":84}},"5":{"start":{"line":12,"column":12},"end":{"line":12,"column":35}},"6":{"start":{"line":14,"column":8},"end":{"line":14,"column":21}},"7":{"start":{"line":5,"column":0},"end":{"line":5,"column":13}}},"fnMap":{"0":{"name":"(anonymous_7)","decl":{"start":{"line":6,"column":4},"end":{"line":6,"column":24}},"loc":{"start":{"line":6,"column":98},"end":{"line":6,"column":102}}},"1":{"name":"(anonymous_8)","decl":{"start":{"line":8,"column":10},"end":{"line":8,"column":17}},"loc":{"start":{"line":8,"column":17},"end":{"line":15,"column":null}}}},"branchMap":{},"s":{"0":5,"1":5,"2":0,"3":0,"4":0,"5":0,"6":0,"7":5},"f":{"0":5,"1":0},"b":{}}
,"C:\\Users\\didie\\Desktop\\8to\\Mantenimiento de Software\\C3\\habitat-monitoring\\BackEnd_API\\src\\auth\\application\\GetByIdUserUseCase.ts": {"path":"C:\\Users\\didie\\Desktop\\8to\\Mantenimiento de Software\\C3\\habitat-monitoring\\BackEnd_API\\src\\auth\\application\\GetByIdUserUseCase.ts","statementMap":{"0":{"start":{"line":5,"column":24},"end":{"line":5,"column":54}},"1":{"start":{"line":8,"column":8},"end":{"line":8,"column":53}},"2":{"start":{"line":4,"column":0},"end":{"line":4,"column":13}}},"fnMap":{"0":{"name":"(anonymous_7)","decl":{"start":{"line":5,"column":4},"end":{"line":5,"column":24}},"loc":{"start":{"line":5,"column":54},"end":{"line":5,"column":58}}},"1":{"name":"(anonymous_8)","decl":{"start":{"line":7,"column":10},"end":{"line":7,"column":17}},"loc":{"start":{"line":7,"column":28},"end":{"line":9,"column":null}}}},"branchMap":{},"s":{"0":5,"1":0,"2":5},"f":{"0":5,"1":0},"b":{}}
,"C:\\Users\\didie\\Desktop\\8to\\Mantenimiento de Software\\C3\\habitat-monitoring\\BackEnd_API\\src\\auth\\application\\LogOutUseCase.ts": {"path":"C:\\Users\\didie\\Desktop\\8to\\Mantenimiento de Software\\C3\\habitat-monitoring\\BackEnd_API\\src\\auth\\application\\LogOutUseCase.ts","statementMap":{"0":{"start":{"line":7,"column":8},"end":{"line":7,"column":45}},"1":{"start":{"line":11,"column":8},"end":{"line":15,"column":9}},"2":{"start":{"line":12,"column":12},"end":{"line":12,"column":52}},"3":{"start":{"line":14,"column":12},"end":{"line":14,"column":55}},"4":{"start":{"line":3,"column":0},"end":{"line":3,"column":13}}},"fnMap":{"0":{"name":"(anonymous_7)","decl":{"start":{"line":6,"column":4},"end":{"line":6,"column":16}},"loc":{"start":{"line":6,"column":46},"end":{"line":8,"column":5}}},"1":{"name":"(anonymous_8)","decl":{"start":{"line":10,"column":10},"end":{"line":10,"column":17}},"loc":{"start":{"line":10,"column":31},"end":{"line":16,"column":null}}}},"branchMap":{},"s":{"0":5,"1":0,"2":0,"3":0,"4":5},"f":{"0":5,"1":0},"b":{}}
,"C:\\Users\\didie\\Desktop\\8to\\Mantenimiento de Software\\C3\\habitat-monitoring\\BackEnd_API\\src\\auth\\application\\LoginUserUseCase.ts": {"path":"C:\\Users\\didie\\Desktop\\8to\\Mantenimiento de Software\\C3\\habitat-monitoring\\BackEnd_API\\src\\auth\\application\\LoginUserUseCase.ts","statementMap":{"0":{"start":{"line":2,"column":0},"end":{"line":2,"column":28}},"1":{"start":{"line":3,"column":0},"end":{"line":3,"column":55}},"2":{"start":{"line":9,"column":8},"end":{"line":9,"column":45}},"3":{"start":{"line":13,"column":21},"end":{"line":13,"column":69}},"4":{"start":{"line":15,"column":8},"end":{"line":17,"column":9}},"5":{"start":{"line":16,"column":12},"end":{"line":16,"column":57}},"6":{"start":{"line":19,"column":32},"end":{"line":19,"column":77}},"7":{"start":{"line":21,"column":8},"end":{"line":23,"column":9}},"8":{"start":{"line":22,"column":12},"end":{"line":22,"column":57}},"9":{"start":{"line":25,"column":22},"end":{"line":25,"column":71}},"10":{"start":{"line":27,"column":8},"end":{"line":29,"column":9}},"11":{"start":{"line":28,"column":12},"end":{"line":28,"column":55}},"12":{"start":{"line":31,"column":8},"end":{"line":31,"column":27}},"13":{"start":{"line":32,"column":8},"end":{"line":32,"column":62}},"14":{"start":{"line":34,"column":8},"end":{"line":34,"column":46}},"15":{"start":{"line":36,"column":8},"end":{"line":36,"column":38}},"16":{"start":{"line":40,"column":8},"end":{"line":40,"column":96}},"17":{"start":{"line":5,"column":0},"end":{"line":5,"column":13}}},"fnMap":{"0":{"name":"(anonymous_8)","decl":{"start":{"line":8,"column":4},"end":{"line":8,"column":23}},"loc":{"start":{"line":8,"column":53},"end":{"line":10,"column":5}}},"1":{"name":"(anonymous_9)","decl":{"start":{"line":12,"column":17},"end":{"line":12,"column":22}},"loc":{"start":{"line":12,"column":54},"end":{"line":37,"column":null}}},"2":{"name":"(anonymous_11)","decl":{"start":{"line":39,"column":18},"end":{"line":39,"column":35}},"loc":{"start":{"line":39,"column":50},"end":{"line":41,"column":null}}}},"branchMap":{"0":{"loc":{"start":{"line":15,"column":8},"end":{"line":17,"column":9}},"type":"if","locations":[{"start":{"line":15,"column":8},"end":{"line":17,"column":9}},{"start":{},"end":{}}]},"1":{"loc":{"start":{"line":21,"column":8},"end":{"line":23,"column":9}},"type":"if","locations":[{"start":{"line":21,"column":8},"end":{"line":23,"column":9}},{"start":{},"end":{}}]},"2":{"loc":{"start":{"line":27,"column":8},"end":{"line":29,"column":9}},"type":"if","locations":[{"start":{"line":27,"column":8},"end":{"line":29,"column":9}},{"start":{},"end":{}}]}},"s":{"0":5,"1":5,"2":5,"3":0,"4":0,"5":0,"6":0,"7":0,"8":0,"9":0,"10":0,"11":0,"12":0,"13":0,"14":0,"15":0,"16":0,"17":5},"f":{"0":5,"1":0,"2":0},"b":{"0":[0,0],"1":[0,0],"2":[0,0]}}
,"C:\\Users\\didie\\Desktop\\8to\\Mantenimiento de Software\\C3\\habitat-monitoring\\BackEnd_API\\src\\auth\\application\\RegisterUserUserCase.ts": {"path":"C:\\Users\\didie\\Desktop\\8to\\Mantenimiento de Software\\C3\\habitat-monitoring\\BackEnd_API\\src\\auth\\application\\RegisterUserUserCase.ts","statementMap":{"0":{"start":{"line":1,"column":0},"end":{"line":1,"column":38}},"1":{"start":{"line":3,"column":0},"end":{"line":3,"column":28}},"2":{"start":{"line":4,"column":0},"end":{"line":4,"column":28}},"3":{"start":{"line":6,"column":0},"end":{"line":6,"column":16}},"4":{"start":{"line":8,"column":19},"end":{"line":8,"column":66}},"5":{"start":{"line":14,"column":8},"end":{"line":14,"column":45}},"6":{"start":{"line":18,"column":31},"end":{"line":18,"column":70}},"7":{"start":{"line":19,"column":21},"end":{"line":19,"column":72}},"8":{"start":{"line":20,"column":8},"end":{"line":20,"column":49}},"9":{"start":{"line":10,"column":0},"end":{"line":10,"column":13}}},"fnMap":{"0":{"name":"(anonymous_8)","decl":{"start":{"line":13,"column":4},"end":{"line":13,"column":23}},"loc":{"start":{"line":13,"column":53},"end":{"line":15,"column":5}}},"1":{"name":"(anonymous_9)","decl":{"start":{"line":17,"column":17},"end":{"line":17,"column":25}},"loc":{"start":{"line":17,"column":101},"end":{"line":21,"column":null}}}},"branchMap":{},"s":{"0":5,"1":5,"2":5,"3":5,"4":5,"5":5,"6":15,"7":15,"8":15,"9":5},"f":{"0":5,"1":15},"b":{}}
,"C:\\Users\\didie\\Desktop\\8to\\Mantenimiento de Software\\C3\\habitat-monitoring\\BackEnd_API\\src\\auth\\domain\\User.ts": {"path":"C:\\Users\\didie\\Desktop\\8to\\Mantenimiento de Software\\C3\\habitat-monitoring\\BackEnd_API\\src\\auth\\domain\\User.ts","statementMap":{"0":{"start":{"line":9,"column":11},"end":{"line":9,"column":34}},"1":{"start":{"line":13,"column":8},"end":{"line":13,"column":21}},"2":{"start":{"line":14,"column":8},"end":{"line":14,"column":25}},"3":{"start":{"line":15,"column":8},"end":{"line":15,"column":33}},"4":{"start":{"line":16,"column":8},"end":{"line":16,"column":27}},"5":{"start":{"line":17,"column":8},"end":{"line":17,"column":33}},"6":{"start":{"line":18,"column":8},"end":{"line":18,"column":31}},"7":{"start":{"line":19,"column":8},"end":{"line":19,"column":null}},"8":{"start":{"line":3,"column":0},"end":{"line":3,"column":13}}},"fnMap":{"0":{"name":"(anonymous_0)","decl":{"start":{"line":12,"column":4},"end":{"line":12,"column":23}},"loc":{"start":{"line":12,"column":151},"end":{"line":20,"column":5}}}},"branchMap":{"0":{"loc":{"start":{"line":12,"column":100},"end":{"line":12,"column":122}},"type":"default-arg","locations":[{"start":{"line":12,"column":120},"end":{"line":12,"column":122}}]},"1":{"loc":{"start":{"line":12,"column":124},"end":{"line":12,"column":151}},"type":"default-arg","locations":[{"start":{"line":12,"column":147},"end":{"line":12,"column":151}}]}},"s":{"0":15,"1":15,"2":15,"3":15,"4":15,"5":15,"6":15,"7":15,"8":5},"f":{"0":15},"b":{"0":[15],"1":[15]}}
,"C:\\Users\\didie\\Desktop\\8to\\Mantenimiento de Software\\C3\\habitat-monitoring\\BackEnd_API\\src\\auth\\infrasctucture\\dependencies.ts": {"path":"C:\\Users\\didie\\Desktop\\8to\\Mantenimiento de Software\\C3\\habitat-monitoring\\BackEnd_API\\src\\auth\\infrasctucture\\dependencies.ts","statementMap":{"0":{"start":{"line":1,"column":0},"end":{"line":1,"column":69}},"1":{"start":{"line":2,"column":0},"end":{"line":2,"column":63}},"2":{"start":{"line":3,"column":0},"end":{"line":3,"column":97}},"3":{"start":{"line":4,"column":0},"end":{"line":4,"column":65}},"4":{"start":{"line":5,"column":0},"end":{"line":5,"column":75}},"5":{"start":{"line":6,"column":0},"end":{"line":6,"column":74}},"6":{"start":{"line":7,"column":0},"end":{"line":7,"column":67}},"7":{"start":{"line":8,"column":0},"end":{"line":8,"column":94}},"8":{"start":{"line":9,"column":0},"end":{"line":9,"column":61}},"9":{"start":{"line":10,"column":0},"end":{"line":10,"column":71}},"10":{"start":{"line":11,"column":0},"end":{"line":11,"column":93}},"11":{"start":{"line":12,"column":0},"end":{"line":12,"column":107}},"12":{"start":{"line":15,"column":0},"end":{"line":15,"column":28}},"13":{"start":{"line":17,"column":0},"end":{"line":17,"column":16}},"14":{"start":{"line":19,"column":39},"end":{"line":19,"column":64}},"15":{"start":{"line":20,"column":43},"end":{"line":20,"column":70}},"16":{"start":{"line":22,"column":13},"end":{"line":22,"column":75}},"17":{"start":{"line":23,"column":13},"end":{"line":23,"column":69}},"18":{"start":{"line":24,"column":13},"end":{"line":24,"column":63}},"19":{"start":{"line":25,"column":13},"end":{"line":25,"column":113}},"20":{"start":{"line":26,"column":13},"end":{"line":26,"column":null}},"21":{"start":{"line":28,"column":13},"end":{"line":28,"column":78}},"22":{"start":{"line":29,"column":13},"end":{"line":29,"column":69}},"23":{"start":{"line":30,"column":13},"end":{"line":30,"column":116}},"24":{"start":{"line":31,"column":13},"end":{"line":31,"column":68}},"25":{"start":{"line":32,"column":13},"end":{"line":32,"column":76}}},"fnMap":{},"branchMap":{},"s":{"0":5,"1":5,"2":5,"3":5,"4":5,"5":5,"6":5,"7":5,"8":5,"9":5,"10":5,"11":5,"12":5,"13":5,"14":5,"15":5,"16":5,"17":5,"18":5,"19":5,"20":5,"21":5,"22":5,"23":5,"24":5,"25":5},"f":{},"b":{}}
,"C:\\Users\\didie\\Desktop\\8to\\Mantenimiento de Software\\C3\\habitat-monitoring\\BackEnd_API\\src\\auth\\infrasctucture\\adapters\\mongo\\MongoDBUserRepository.ts": {"path":"C:\\Users\\didie\\Desktop\\8to\\Mantenimiento de Software\\C3\\habitat-monitoring\\BackEnd_API\\src\\auth\\infrasctucture\\adapters\\mongo\\MongoDBUserRepository.ts","statementMap":{"0":{"start":{"line":1,"column":0},"end":{"line":1,"column":61}},"1":{"start":{"line":2,"column":0},"end":{"line":2,"column":44}},"2":{"start":{"line":4,"column":0},"end":{"line":4,"column":28}},"3":{"start":{"line":5,"column":0},"end":{"line":5,"column":35}},"4":{"start":{"line":9,"column":31},"end":{"line":9,"column":58}},"5":{"start":{"line":10,"column":8},"end":{"line":10,"column":45}},"6":{"start":{"line":14,"column":31},"end":{"line":14,"column":58}},"7":{"start":{"line":15,"column":21},"end":{"line":15,"column":60}},"8":{"start":{"line":17,"column":8},"end":{"line":22,"column":9}},"9":{"start":{"line":18,"column":36},"end":{"line":18,"column":81}},"10":{"start":{"line":19,"column":12},"end":{"line":21,"column":13}},"11":{"start":{"line":20,"column":16},"end":{"line":20,"column":132}},"12":{"start":{"line":24,"column":8},"end":{"line":24,"column":20}},"13":{"start":{"line":28,"column":31},"end":{"line":28,"column":58}},"14":{"start":{"line":29,"column":22},"end":{"line":29,"column":59}},"15":{"start":{"line":30,"column":8},"end":{"line":38,"column":11}},"16":{"start":{"line":30,"column":33},"end":{"line":37,"column":null}},"17":{"start":{"line":42,"column":31},"end":{"line":42,"column":58}},"18":{"start":{"line":43,"column":8},"end":{"line":46,"column":10}},"19":{"start":{"line":50,"column":31},"end":{"line":50,"column":58}},"20":{"start":{"line":51,"column":8},"end":{"line":54,"column":10}},"21":{"start":{"line":58,"column":31},"end":{"line":58,"column":58}},"22":{"start":{"line":59,"column":21},"end":{"line":59,"column":76}},"23":{"start":{"line":61,"column":8},"end":{"line":71,"column":9}},"24":{"start":{"line":62,"column":12},"end":{"line":70,"column":14}},"25":{"start":{"line":73,"column":8},"end":{"line":73,"column":20}},"26":{"start":{"line":7,"column":0},"end":{"line":7,"column":13}}},"fnMap":{"0":{"name":"(anonymous_8)","decl":{"start":{"line":8,"column":10},"end":{"line":8,"column":18}},"loc":{"start":{"line":8,"column":29},"end":{"line":11,"column":null}}},"1":{"name":"(anonymous_10)","decl":{"start":{"line":13,"column":10},"end":{"line":13,"column":15}},"loc":{"start":{"line":13,"column":47},"end":{"line":25,"column":null}}},"2":{"name":"(anonymous_12)","decl":{"start":{"line":27,"column":10},"end":{"line":27,"column":21}},"loc":{"start":{"line":27,"column":21},"end":{"line":39,"column":null}}},"3":{"name":"(anonymous_14)","decl":{"start":{"line":30,"column":25},"end":{"line":30,"column":29}},"loc":{"start":{"line":30,"column":33},"end":{"line":37,"column":null}}},"4":{"name":"(anonymous_15)","decl":{"start":{"line":41,"column":10},"end":{"line":41,"column":16}},"loc":{"start":{"line":41,"column":30},"end":{"line":47,"column":null}}},"5":{"name":"(anonymous_17)","decl":{"start":{"line":49,"column":10},"end":{"line":49,"column":21}},"loc":{"start":{"line":49,"column":54},"end":{"line":55,"column":null}}},"6":{"name":"(anonymous_19)","decl":{"start":{"line":57,"column":10},"end":{"line":57,"column":17}},"loc":{"start":{"line":57,"column":28},"end":{"line":74,"column":null}}}},"branchMap":{"0":{"loc":{"start":{"line":17,"column":8},"end":{"line":22,"column":9}},"type":"if","locations":[{"start":{"line":17,"column":8},"end":{"line":22,"column":9}},{"start":{},"end":{}}]},"1":{"loc":{"start":{"line":19,"column":12},"end":{"line":21,"column":13}},"type":"if","locations":[{"start":{"line":19,"column":12},"end":{"line":21,"column":13}},{"start":{},"end":{}}]},"2":{"loc":{"start":{"line":61,"column":8},"end":{"line":71,"column":9}},"type":"if","locations":[{"start":{"line":61,"column":8},"end":{"line":71,"column":9}},{"start":{},"end":{}}]}},"s":{"0":0,"1":0,"2":0,"3":0,"4":0,"5":0,"6":0,"7":0,"8":0,"9":0,"10":0,"11":0,"12":0,"13":0,"14":0,"15":0,"16":0,"17":0,"18":0,"19":0,"20":0,"21":0,"22":0,"23":0,"24":0,"25":0,"26":0},"f":{"0":0,"1":0,"2":0,"3":0,"4":0,"5":0,"6":0},"b":{"0":[0,0],"1":[0,0],"2":[0,0]}}
,"C:\\Users\\didie\\Desktop\\8to\\Mantenimiento de Software\\C3\\habitat-monitoring\\BackEnd_API\\src\\auth\\infrasctucture\\adapters\\mysql\\MySqlDBUserRepository.ts": {"path":"C:\\Users\\didie\\Desktop\\8to\\Mantenimiento de Software\\C3\\habitat-monitoring\\BackEnd_API\\src\\auth\\infrasctucture\\adapters\\mysql\\MySqlDBUserRepository.ts","statementMap":{"0":{"start":{"line":1,"column":0},"end":{"line":1,"column":44}},"1":{"start":{"line":2,"column":0},"end":{"line":2,"column":58}},"2":{"start":{"line":4,"column":0},"end":{"line":4,"column":68}},"3":{"start":{"line":8,"column":27},"end":{"line":8,"column":49}},"4":{"start":{"line":9,"column":20},"end":{"line":9,"column":93}},"5":{"start":{"line":10,"column":8},"end":{"line":10,"column":93}},"6":{"start":{"line":14,"column":27},"end":{"line":14,"column":49}},"7":{"start":{"line":15,"column":20},"end":{"line":15,"column":57}},"8":{"start":{"line":16,"column":23},"end":{"line":16,"column":61}},"9":{"start":{"line":17,"column":22},"end":{"line":17,"column":35}},"10":{"start":{"line":19,"column":8},"end":{"line":21,"column":9}},"11":{"start":{"line":20,"column":12},"end":{"line":20,"column":24}},"12":{"start":{"line":23,"column":21},"end":{"line":23,"column":29}},"13":{"start":{"line":24,"column":8},"end":{"line":24,"column":112}},"14":{"start":{"line":28,"column":27},"end":{"line":28,"column":49}},"15":{"start":{"line":29,"column":20},"end":{"line":29,"column":41}},"16":{"start":{"line":30,"column":23},"end":{"line":30,"column":52}},"17":{"start":{"line":31,"column":22},"end":{"line":31,"column":35}},"18":{"start":{"line":33,"column":8},"end":{"line":41,"column":11}},"19":{"start":{"line":33,"column":33},"end":{"line":40,"column":null}},"20":{"start":{"line":45,"column":27},"end":{"line":45,"column":49}},"21":{"start":{"line":46,"column":20},"end":{"line":46,"column":67}},"22":{"start":{"line":47,"column":8},"end":{"line":47,"column":47}},"23":{"start":{"line":51,"column":27},"end":{"line":51,"column":49}},"24":{"start":{"line":52,"column":20},"end":{"line":52,"column":61}},"25":{"start":{"line":53,"column":8},"end":{"line":53,"column":51}},"26":{"start":{"line":57,"column":27},"end":{"line":57,"column":49}},"27":{"start":{"line":58,"column":20},"end":{"line":58,"column":54}},"28":{"start":{"line":59,"column":23},"end":{"line":59,"column":58}},"29":{"start":{"line":60,"column":22},"end":{"line":60,"column":35}},"30":{"start":{"line":62,"column":8},"end":{"line":64,"column":9}},"31":{"start":{"line":63,"column":12},"end":{"line":63,"column":24}},"32":{"start":{"line":66,"column":21},"end":{"line":66,"column":29}},"33":{"start":{"line":69,"column":26},"end":{"line":69,"column":67}},"34":{"start":{"line":70,"column":30},"end":{"line":70,"column":71}},"35":{"start":{"line":71,"column":24},"end":{"line":71,"column":44}},"36":{"start":{"line":73,"column":30},"end":{"line":84,"column":10}},"37":{"start":{"line":73,"column":52},"end":{"line":83,"column":null}},"38":{"start":{"line":86,"column":8},"end":{"line":86,"column":113}},"39":{"start":{"line":6,"column":0},"end":{"line":6,"column":13}}},"fnMap":{"0":{"name":"(anonymous_7)","decl":{"start":{"line":7,"column":10},"end":{"line":7,"column":18}},"loc":{"start":{"line":7,"column":29},"end":{"line":11,"column":null}}},"1":{"name":"(anonymous_9)","decl":{"start":{"line":13,"column":10},"end":{"line":13,"column":15}},"loc":{"start":{"line":13,"column":47},"end":{"line":25,"column":null}}},"2":{"name":"(anonymous_11)","decl":{"start":{"line":27,"column":10},"end":{"line":27,"column":21}},"loc":{"start":{"line":27,"column":21},"end":{"line":42,"column":null}}},"3":{"name":"(anonymous_13)","decl":{"start":{"line":33,"column":25},"end":{"line":33,"column":29}},"loc":{"start":{"line":33,"column":33},"end":{"line":40,"column":null}}},"4":{"name":"(anonymous_14)","decl":{"start":{"line":44,"column":10},"end":{"line":44,"column":16}},"loc":{"start":{"line":44,"column":30},"end":{"line":48,"column":null}}},"5":{"name":"(anonymous_16)","decl":{"start":{"line":50,"column":10},"end":{"line":50,"column":21}},"loc":{"start":{"line":50,"column":54},"end":{"line":54,"column":null}}},"6":{"name":"(anonymous_18)","decl":{"start":{"line":56,"column":10},"end":{"line":56,"column":17}},"loc":{"start":{"line":56,"column":28},"end":{"line":87,"column":null}}},"7":{"name":"(anonymous_20)","decl":{"start":{"line":73,"column":42},"end":{"line":73,"column":48}},"loc":{"start":{"line":73,"column":52},"end":{"line":83,"column":null}}}},"branchMap":{"0":{"loc":{"start":{"line":19,"column":8},"end":{"line":21,"column":9}},"type":"if","locations":[{"start":{"line":19,"column":8},"end":{"line":21,"column":9}},{"start":{},"end":{}}]},"1":{"loc":{"start":{"line":62,"column":8},"end":{"line":64,"column":9}},"type":"if","locations":[{"start":{"line":62,"column":8},"end":{"line":64,"column":9}},{"start":{},"end":{}}]}},"s":{"0":5,"1":5,"2":5,"3":15,"4":15,"5":15,"6":0,"7":0,"8":0,"9":0,"10":0,"11":0,"12":0,"13":0,"14":0,"15":0,"16":0,"17":0,"18":0,"19":0,"20":0,"21":0,"22":0,"23":0,"24":0,"25":0,"26":0,"27":0,"28":0,"29":0,"30":0,"31":0,"32":0,"33":0,"34":0,"35":0,"36":0,"37":0,"38":0,"39":5},"f":{"0":15,"1":0,"2":0,"3":0,"4":0,"5":0,"6":0,"7":0},"b":{"0":[0,0],"1":[0,0]}}
,"C:\\Users\\didie\\Desktop\\8to\\Mantenimiento de Software\\C3\\habitat-monitoring\\BackEnd_API\\src\\auth\\infrasctucture\\controller\\GetAllUsersWithAnimalsController.ts": {"path":"C:\\Users\\didie\\Desktop\\8to\\Mantenimiento de Software\\C3\\habitat-monitoring\\BackEnd_API\\src\\auth\\infrasctucture\\controller\\GetAllUsersWithAnimalsController.ts","statementMap":{"0":{"start":{"line":5,"column":24},"end":{"line":5,"column":84}},"1":{"start":{"line":8,"column":8},"end":{"line":29,"column":9}},"2":{"start":{"line":9,"column":26},"end":{"line":9,"column":76}},"3":{"start":{"line":11,"column":29},"end":{"line":16,"column":15}},"4":{"start":{"line":11,"column":48},"end":{"line":16,"column":14}},"5":{"start":{"line":18,"column":12},"end":{"line":22,"column":15}},"6":{"start":{"line":24,"column":33},"end":{"line":24,"column":98}},"7":{"start":{"line":25,"column":12},"end":{"line":28,"column":15}},"8":{"start":{"line":4,"column":0},"end":{"line":4,"column":13}}},"fnMap":{"0":{"name":"(anonymous_7)","decl":{"start":{"line":5,"column":4},"end":{"line":5,"column":24}},"loc":{"start":{"line":5,"column":84},"end":{"line":5,"column":88}}},"1":{"name":"(anonymous_8)","decl":{"start":{"line":7,"column":10},"end":{"line":7,"column":13}},"loc":{"start":{"line":7,"column":41},"end":{"line":30,"column":null}}},"2":{"name":"(anonymous_10)","decl":{"start":{"line":11,"column":39},"end":{"line":11,"column":43}},"loc":{"start":{"line":11,"column":48},"end":{"line":16,"column":14}}}},"branchMap":{"0":{"loc":{"start":{"line":24,"column":33},"end":{"line":24,"column":98}},"type":"cond-expr","locations":[{"start":{"line":24,"column":58},"end":{"line":24,"column":71}},{"start":{"line":24,"column":74},"end":{"line":24,"column":98}}]}},"s":{"0":5,"1":0,"2":0,"3":0,"4":0,"5":0,"6":0,"7":0,"8":5},"f":{"0":5,"1":0,"2":0},"b":{"0":[0,0]}}
,"C:\\Users\\didie\\Desktop\\8to\\Mantenimiento de Software\\C3\\habitat-monitoring\\BackEnd_API\\src\\auth\\infrasctucture\\controller\\GetByIdUserController.ts": {"path":"C:\\Users\\didie\\Desktop\\8to\\Mantenimiento de Software\\C3\\habitat-monitoring\\BackEnd_API\\src\\auth\\infrasctucture\\controller\\GetByIdUserController.ts","statementMap":{"0":{"start":{"line":9,"column":8},"end":{"line":9,"column":31}},"1":{"start":{"line":13,"column":8},"end":{"line":43,"column":9}},"2":{"start":{"line":14,"column":27},"end":{"line":14,"column":40}},"3":{"start":{"line":16,"column":25},"end":{"line":16,"column":59}},"4":{"start":{"line":17,"column":12},"end":{"line":20,"column":13}},"5":{"start":{"line":18,"column":16},"end":{"line":18,"column":68}},"6":{"start":{"line":19,"column":16},"end":{"line":19,"column":23}},"7":{"start":{"line":22,"column":29},"end":{"line":38,"column":14}},"8":{"start":{"line":27,"column":63},"end":{"line":37,"column":18}},"9":{"start":{"line":40,"column":12},"end":{"line":40,"column":43}},"10":{"start":{"line":42,"column":12},"end":{"line":42,"column":71}},"11":{"start":{"line":5,"column":0},"end":{"line":5,"column":13}}},"fnMap":{"0":{"name":"(anonymous_7)","decl":{"start":{"line":8,"column":4},"end":{"line":8,"column":16}},"loc":{"start":{"line":8,"column":43},"end":{"line":10,"column":5}}},"1":{"name":"(anonymous_8)","decl":{"start":{"line":12,"column":17},"end":{"line":12,"column":20}},"loc":{"start":{"line":12,"column":48},"end":{"line":44,"column":null}}},"2":{"name":"(anonymous_10)","decl":{"start":{"line":27,"column":42},"end":{"line":27,"column":43}},"loc":{"start":{"line":27,"column":63},"end":{"line":37,"column":18}}}},"branchMap":{"0":{"loc":{"start":{"line":17,"column":12},"end":{"line":20,"column":13}},"type":"if","locations":[{"start":{"line":17,"column":12},"end":{"line":20,"column":13}},{"start":{},"end":{}}]}},"s":{"0":5,"1":0,"2":0,"3":0,"4":0,"5":0,"6":0,"7":0,"8":0,"9":0,"10":0,"11":5},"f":{"0":5,"1":0,"2":0},"b":{"0":[0,0]}}
,"C:\\Users\\didie\\Desktop\\8to\\Mantenimiento de Software\\C3\\habitat-monitoring\\BackEnd_API\\src\\auth\\infrasctucture\\controller\\LogOutController.ts": {"path":"C:\\Users\\didie\\Desktop\\8to\\Mantenimiento de Software\\C3\\habitat-monitoring\\BackEnd_API\\src\\auth\\infrasctucture\\controller\\LogOutController.ts","statementMap":{"0":{"start":{"line":5,"column":24},"end":{"line":5,"column":52}},"1":{"start":{"line":8,"column":22},"end":{"line":8,"column":62}},"2":{"start":{"line":10,"column":8},"end":{"line":13,"column":9}},"3":{"start":{"line":11,"column":12},"end":{"line":11,"column":72}},"4":{"start":{"line":12,"column":12},"end":{"line":12,"column":19}},"5":{"start":{"line":15,"column":8},"end":{"line":21,"column":9}},"6":{"start":{"line":16,"column":12},"end":{"line":16,"column":52}},"7":{"start":{"line":17,"column":12},"end":{"line":17,"column":86}},"8":{"start":{"line":19,"column":12},"end":{"line":19,"column":53}},"9":{"start":{"line":20,"column":12},"end":{"line":20,"column":76}},"10":{"start":{"line":4,"column":0},"end":{"line":4,"column":13}}},"fnMap":{"0":{"name":"(anonymous_7)","decl":{"start":{"line":5,"column":4},"end":{"line":5,"column":24}},"loc":{"start":{"line":5,"column":52},"end":{"line":5,"column":56}}},"1":{"name":"(anonymous_8)","decl":{"start":{"line":7,"column":10},"end":{"line":7,"column":13}},"loc":{"start":{"line":7,"column":41},"end":{"line":22,"column":null}}}},"branchMap":{"0":{"loc":{"start":{"line":8,"column":22},"end":{"line":8,"column":62}},"type":"cond-expr","locations":[{"start":{"line":8,"column":47},"end":{"line":8,"column":49}},{"start":{"line":8,"column":47},"end":{"line":8,"column":62}}]},"1":{"loc":{"start":{"line":8,"column":22},"end":{"line":8,"column":49}},"type":"binary-expr","locations":[{"start":{"line":8,"column":22},"end":{"line":8,"column":49}},{"start":{"line":8,"column":47},"end":{"line":8,"column":49}}]},"2":{"loc":{"start":{"line":10,"column":8},"end":{"line":13,"column":9}},"type":"if","locations":[{"start":{"line":10,"column":8},"end":{"line":13,"column":9}},{"start":{},"end":{}}]}},"s":{"0":5,"1":0,"2":0,"3":0,"4":0,"5":0,"6":0,"7":0,"8":0,"9":0,"10":5},"f":{"0":5,"1":0},"b":{"0":[0,0],"1":[0,0],"2":[0,0]}}
,"C:\\Users\\didie\\Desktop\\8to\\Mantenimiento de Software\\C3\\habitat-monitoring\\BackEnd_API\\src\\auth\\infrasctucture\\controller\\LoginController.ts": {"path":"C:\\Users\\didie\\Desktop\\8to\\Mantenimiento de Software\\C3\\habitat-monitoring\\BackEnd_API\\src\\auth\\infrasctucture\\controller\\LoginController.ts","statementMap":{"0":{"start":{"line":5,"column":22},"end":{"line":5,"column":56}},"1":{"start":{"line":8,"column":4},"end":{"line":24,"column":5}},"2":{"start":{"line":9,"column":34},"end":{"line":9,"column":42}},"3":{"start":{"line":10,"column":28},"end":{"line":10,"column":78}},"4":{"start":{"line":12,"column":6},"end":{"line":17,"column":9}},"5":{"start":{"line":19,"column":27},"end":{"line":19,"column":92}},"6":{"start":{"line":20,"column":6},"end":{"line":23,"column":9}},"7":{"start":{"line":4,"column":0},"end":{"line":4,"column":13}}},"fnMap":{"0":{"name":"(anonymous_7)","decl":{"start":{"line":5,"column":2},"end":{"line":5,"column":22}},"loc":{"start":{"line":5,"column":56},"end":{"line":5,"column":61}}},"1":{"name":"(anonymous_8)","decl":{"start":{"line":7,"column":8},"end":{"line":7,"column":11}},"loc":{"start":{"line":7,"column":39},"end":{"line":25,"column":null}}}},"branchMap":{"0":{"loc":{"start":{"line":19,"column":27},"end":{"line":19,"column":92}},"type":"cond-expr","locations":[{"start":{"line":19,"column":52},"end":{"line":19,"column":65}},{"start":{"line":19,"column":68},"end":{"line":19,"column":92}}]}},"s":{"0":5,"1":0,"2":0,"3":0,"4":0,"5":0,"6":0,"7":5},"f":{"0":5,"1":0},"b":{"0":[0,0]}}
,"C:\\Users\\didie\\Desktop\\8to\\Mantenimiento de Software\\C3\\habitat-monitoring\\BackEnd_API\\src\\auth\\infrasctucture\\controller\\RegisterController.ts": {"path":"C:\\Users\\didie\\Desktop\\8to\\Mantenimiento de Software\\C3\\habitat-monitoring\\BackEnd_API\\src\\auth\\infrasctucture\\controller\\RegisterController.ts","statementMap":{"0":{"start":{"line":5,"column":24},"end":{"line":5,"column":64}},"1":{"start":{"line":8,"column":8},"end":{"line":125,"column":9}},"2":{"start":{"line":9,"column":60},"end":{"line":9,"column":68}},"3":{"start":{"line":12,"column":12},"end":{"line":18,"column":13}},"4":{"start":{"line":13,"column":16},"end":{"line":17,"column":19}},"5":{"start":{"line":20,"column":12},"end":{"line":26,"column":13}},"6":{"start":{"line":21,"column":16},"end":{"line":25,"column":19}},"7":{"start":{"line":28,"column":12},"end":{"line":34,"column":13}},"8":{"start":{"line":29,"column":16},"end":{"line":33,"column":19}},"9":{"start":{"line":36,"column":12},"end":{"line":42,"column":13}},"10":{"start":{"line":37,"column":16},"end":{"line":41,"column":19}},"11":{"start":{"line":45,"column":31},"end":{"line":45,"column":81}},"12":{"start":{"line":48,"column":33},"end":{"line":48,"column":45}},"13":{"start":{"line":51,"column":12},"end":{"line":58,"column":13}},"14":{"start":{"line":52,"column":16},"end":{"line":57,"column":19}},"15":{"start":{"line":61,"column":12},"end":{"line":68,"column":13}},"16":{"start":{"line":62,"column":16},"end":{"line":67,"column":19}},"17":{"start":{"line":71,"column":12},"end":{"line":78,"column":13}},"18":{"start":{"line":72,"column":16},"end":{"line":77,"column":19}},"19":{"start":{"line":81,"column":12},"end":{"line":88,"column":13}},"20":{"start":{"line":82,"column":16},"end":{"line":87,"column":19}},"21":{"start":{"line":91,"column":12},"end":{"line":98,"column":13}},"22":{"start":{"line":92,"column":16},"end":{"line":97,"column":19}},"23":{"start":{"line":101,"column":12},"end":{"line":101,"column":124}},"24":{"start":{"line":103,"column":12},"end":{"line":106,"column":15}},"25":{"start":{"line":108,"column":33},"end":{"line":108,"column":98}},"26":{"start":{"line":111,"column":12},"end":{"line":118,"column":13}},"27":{"start":{"line":112,"column":16},"end":{"line":117,"column":19}},"28":{"start":{"line":121,"column":12},"end":{"line":124,"column":15}},"29":{"start":{"line":4,"column":0},"end":{"line":4,"column":13}}},"fnMap":{"0":{"name":"(anonymous_7)","decl":{"start":{"line":5,"column":4},"end":{"line":5,"column":24}},"loc":{"start":{"line":5,"column":64},"end":{"line":5,"column":69}}},"1":{"name":"(anonymous_8)","decl":{"start":{"line":7,"column":10},"end":{"line":7,"column":13}},"loc":{"start":{"line":7,"column":41},"end":{"line":126,"column":null}}}},"branchMap":{"0":{"loc":{"start":{"line":12,"column":12},"end":{"line":18,"column":13}},"type":"if","locations":[{"start":{"line":12,"column":12},"end":{"line":18,"column":13}},{"start":{},"end":{}}]},"1":{"loc":{"start":{"line":12,"column":16},"end":{"line":12,"column":43}},"type":"binary-expr","locations":[{"start":{"line":12,"column":16},"end":{"line":12,"column":21}},{"start":{"line":12,"column":25},"end":{"line":12,"column":43}}]},"2":{"loc":{"start":{"line":20,"column":12},"end":{"line":26,"column":13}},"type":"if","locations":[{"start":{"line":20,"column":12},"end":{"line":26,"column":13}},{"start":{},"end":{}}]},"3":{"loc":{"start":{"line":20,"column":16},"end":{"line":20,"column":51}},"type":"binary-expr","locations":[{"start":{"line":20,"column":16},"end":{"line":20,"column":25}},{"start":{"line":20,"column":29},"end":{"line":20,"column":51}}]},"4":{"loc":{"start":{"line":28,"column":12},"end":{"line":34,"column":13}},"type":"if","locations":[{"start":{"line":28,"column":12},"end":{"line":34,"column":13}},{"start":{},"end":{}}]},"5":{"loc":{"start":{"line":28,"column":16},"end":{"line":28,"column":45}},"type":"binary-expr","locations":[{"start":{"line":28,"column":16},"end":{"line":28,"column":22}},{"start":{"line":28,"column":26},"end":{"line":28,"column":45}}]},"6":{"loc":{"start":{"line":36,"column":12},"end":{"line":42,"column":13}},"type":"if","locations":[{"start":{"line":36,"column":12},"end":{"line":42,"column":13}},{"start":{},"end":{}}]},"7":{"loc":{"start":{"line":36,"column":16},"end":{"line":36,"column":51}},"type":"binary-expr","locations":[{"start":{"line":36,"column":16},"end":{"line":36,"column":25}},{"start":{"line":36,"column":29},"end":{"line":36,"column":51}}]},"8":{"loc":{"start":{"line":51,"column":12},"end":{"line":58,"column":13}},"type":"if","locations":[{"start":{"line":51,"column":12},"end":{"line":58,"column":13}},{"start":{},"end":{}}]},"9":{"loc":{"start":{"line":61,"column":12},"end":{"line":68,"column":13}},"type":"if","locations":[{"start":{"line":61,"column":12},"end":{"line":68,"column":13}},{"start":{},"end":{}}]},"10":{"loc":{"start":{"line":61,"column":16},"end":{"line":61,"column":74}},"type":"binary-expr","locations":[{"start":{"line":61,"column":16},"end":{"line":61,"column":44}},{"start":{"line":61,"column":48},"end":{"line":61,"column":74}}]},"11":{"loc":{"start":{"line":71,"column":12},"end":{"line":78,"column":13}},"type":"if","locations":[{"start":{"line":71,"column":12},"end":{"line":78,"column":13}},{"start":{},"end":{}}]},"12":{"loc":{"start":{"line":81,"column":12},"end":{"line":88,"column":13}},"type":"if","locations":[{"start":{"line":81,"column":12},"end":{"line":88,"column":13}},{"start":{},"end":{}}]},"13":{"loc":{"start":{"line":91,"column":12},"end":{"line":98,"column":13}},"type":"if","locations":[{"start":{"line":91,"column":12},"end":{"line":98,"column":13}},{"start":{},"end":{}}]},"14":{"loc":{"start":{"line":108,"column":33},"end":{"line":108,"column":98}},"type":"cond-expr","locations":[{"start":{"line":108,"column":58},"end":{"line":108,"column":71}},{"start":{"line":108,"column":74},"end":{"line":108,"column":98}}]},"15":{"loc":{"start":{"line":111,"column":12},"end":{"line":118,"column":13}},"type":"if","locations":[{"start":{"line":111,"column":12},"end":{"line":118,"column":13}},{"start":{},"end":{}}]},"16":{"loc":{"start":{"line":111,"column":16},"end":{"line":111,"column":90}},"type":"binary-expr","locations":[{"start":{"line":111,"column":16},"end":{"line":111,"column":56}},{"start":{"line":111,"column":60},"end":{"line":111,"column":90}}]}},"s":{"0":5,"1":29,"2":29,"3":29,"4":5,"5":24,"6":1,"7":23,"8":2,"9":21,"10":1,"11":20,"12":20,"13":20,"14":1,"15":19,"16":1,"17":18,"18":0,"19":18,"20":3,"21":15,"22":0,"23":15,"24":12,"25":3,"26":3,"27":2,"28":1,"29":5},"f":{"0":5,"1":29},"b":{"0":[5,24],"1":[29,25],"2":[1,23],"3":[24,23],"4":[2,21],"5":[23,21],"6":[1,20],"7":[21,20],"8":[1,19],"9":[1,18],"10":[19,19],"11":[0,18],"12":[3,15],"13":[0,15],"14":[3,0],"15":[2,1],"16":[3,2]}}
,"C:\\Users\\didie\\Desktop\\8to\\Mantenimiento de Software\\C3\\habitat-monitoring\\BackEnd_API\\src\\auth\\infrasctucture\\router\\UserRoutes.ts": {"path":"C:\\Users\\didie\\Desktop\\8to\\Mantenimiento de Software\\C3\\habitat-monitoring\\BackEnd_API\\src\\auth\\infrasctucture\\router\\UserRoutes.ts","statementMap":{"0":{"start":{"line":1,"column":0},"end":{"line":1,"column":33}},"1":{"start":{"line":2,"column":0},"end":{"line":2,"column":145}},"2":{"start":{"line":3,"column":0},"end":{"line":3,"column":60}},"3":{"start":{"line":5,"column":13},"end":{"line":5,"column":35}},"4":{"start":{"line":7,"column":0},"end":{"line":7,"column":69}},"5":{"start":{"line":8,"column":0},"end":{"line":8,"column":78}},"6":{"start":{"line":9,"column":0},"end":{"line":9,"column":100}},"7":{"start":{"line":10,"column":0},"end":{"line":10,"column":89}},"8":{"start":{"line":11,"column":0},"end":{"line":11,"column":95}}},"fnMap":{},"branchMap":{},"s":{"0":5,"1":5,"2":5,"3":5,"4":5,"5":5,"6":5,"7":5,"8":5},"f":{},"b":{}}
,"C:\\Users\\didie\\Desktop\\8to\\Mantenimiento de Software\\C3\\habitat-monitoring\\BackEnd_API\\src\\camera\\application\\CameraOffUseCase.ts": {"path":"C:\\Users\\didie\\Desktop\\8to\\Mantenimiento de Software\\C3\\habitat-monitoring\\BackEnd_API\\src\\camera\\application\\CameraOffUseCase.ts","statementMap":{"0":{"start":{"line":4,"column":24},"end":{"line":4,"column":58}},"1":{"start":{"line":7,"column":8},"end":{"line":7,"column":42}},"2":{"start":{"line":3,"column":0},"end":{"line":3,"column":13}}},"fnMap":{"0":{"name":"(anonymous_7)","decl":{"start":{"line":4,"column":4},"end":{"line":4,"column":24}},"loc":{"start":{"line":4,"column":58},"end":{"line":4,"column":62}}},"1":{"name":"(anonymous_8)","decl":{"start":{"line":6,"column":10},"end":{"line":6,"column":17}},"loc":{"start":{"line":6,"column":17},"end":{"line":8,"column":null}}}},"branchMap":{},"s":{"0":5,"1":0,"2":5},"f":{"0":5,"1":0},"b":{}}
,"C:\\Users\\didie\\Desktop\\8to\\Mantenimiento de Software\\C3\\habitat-monitoring\\BackEnd_API\\src\\camera\\application\\CameraOnUseCase.ts": {"path":"C:\\Users\\didie\\Desktop\\8to\\Mantenimiento de Software\\C3\\habitat-monitoring\\BackEnd_API\\src\\camera\\application\\CameraOnUseCase.ts","statementMap":{"0":{"start":{"line":4,"column":24},"end":{"line":4,"column":58}},"1":{"start":{"line":7,"column":8},"end":{"line":7,"column":41}},"2":{"start":{"line":3,"column":0},"end":{"line":3,"column":13}}},"fnMap":{"0":{"name":"(anonymous_7)","decl":{"start":{"line":4,"column":4},"end":{"line":4,"column":24}},"loc":{"start":{"line":4,"column":58},"end":{"line":4,"column":62}}},"1":{"name":"(anonymous_8)","decl":{"start":{"line":6,"column":10},"end":{"line":6,"column":17}},"loc":{"start":{"line":6,"column":17},"end":{"line":8,"column":null}}}},"branchMap":{},"s":{"0":5,"1":0,"2":5},"f":{"0":5,"1":0},"b":{}}
,"C:\\Users\\didie\\Desktop\\8to\\Mantenimiento de Software\\C3\\habitat-monitoring\\BackEnd_API\\src\\camera\\domain\\Camera.ts": {"path":"C:\\Users\\didie\\Desktop\\8to\\Mantenimiento de Software\\C3\\habitat-monitoring\\BackEnd_API\\src\\camera\\domain\\Camera.ts","statementMap":{"0":{"start":{"line":3,"column":15},"end":{"line":3,"column":25}},"1":{"start":{"line":4,"column":15},"end":{"line":4,"column":34}},"2":{"start":{"line":1,"column":0},"end":{"line":1,"column":13}}},"fnMap":{"0":{"name":"(anonymous_0)","decl":{"start":{"line":2,"column":4},"end":{"line":2,"column":null}},"loc":{"start":{"line":4,"column":34},"end":{"line":5,"column":8}}}},"branchMap":{},"s":{"0":0,"1":0,"2":0},"f":{"0":0},"b":{}}
,"C:\\Users\\didie\\Desktop\\8to\\Mantenimiento de Software\\C3\\habitat-monitoring\\BackEnd_API\\src\\camera\\infrasctructure\\dependencies.ts": {"path":"C:\\Users\\didie\\Desktop\\8to\\Mantenimiento de Software\\C3\\habitat-monitoring\\BackEnd_API\\src\\camera\\infrasctructure\\dependencies.ts","statementMap":{"0":{"start":{"line":1,"column":0},"end":{"line":1,"column":57}},"1":{"start":{"line":2,"column":0},"end":{"line":2,"column":59}},"2":{"start":{"line":3,"column":0},"end":{"line":3,"column":67}},"3":{"start":{"line":4,"column":0},"end":{"line":4,"column":65}},"4":{"start":{"line":5,"column":0},"end":{"line":5,"column":79}},"5":{"start":{"line":7,"column":0},"end":{"line":7,"column":28}},"6":{"start":{"line":9,"column":0},"end":{"line":9,"column":16}},"7":{"start":{"line":11,"column":43},"end":{"line":11,"column":70}},"8":{"start":{"line":13,"column":13},"end":{"line":13,"column":71}},"9":{"start":{"line":14,"column":13},"end":{"line":14,"column":69}},"10":{"start":{"line":16,"column":13},"end":{"line":16,"column":62}},"11":{"start":{"line":17,"column":13},"end":{"line":17,"column":65}}},"fnMap":{},"branchMap":{},"s":{"0":5,"1":5,"2":5,"3":5,"4":5,"5":5,"6":5,"7":5,"8":5,"9":5,"10":5,"11":5},"f":{},"b":{}}
,"C:\\Users\\didie\\Desktop\\8to\\Mantenimiento de Software\\C3\\habitat-monitoring\\BackEnd_API\\src\\camera\\infrasctructure\\adapters\\mongo\\MongoDBCameraRepository.ts": {"path":"C:\\Users\\didie\\Desktop\\8to\\Mantenimiento de Software\\C3\\habitat-monitoring\\BackEnd_API\\src\\camera\\infrasctructure\\adapters\\mongo\\MongoDBCameraRepository.ts","statementMap":{"0":{"start":{"line":2,"column":0},"end":{"line":2,"column":61}},"1":{"start":{"line":3,"column":0},"end":{"line":3,"column":35}},"2":{"start":{"line":6,"column":12},"end":{"line":6,"column":40}},"3":{"start":{"line":9,"column":8},"end":{"line":9,"column":31}},"4":{"start":{"line":11,"column":33},"end":{"line":11,"column":62}},"5":{"start":{"line":12,"column":8},"end":{"line":16,"column":10}},"6":{"start":{"line":18,"column":8},"end":{"line":18,"column":44}},"7":{"start":{"line":22,"column":8},"end":{"line":22,"column":32}},"8":{"start":{"line":24,"column":33},"end":{"line":24,"column":62}},"9":{"start":{"line":25,"column":8},"end":{"line":29,"column":10}},"10":{"start":{"line":31,"column":8},"end":{"line":31,"column":45}},"11":{"start":{"line":5,"column":0},"end":{"line":5,"column":13}}},"fnMap":{"0":{"name":"(anonymous_7)","decl":{"start":{"line":5,"column":0},"end":{"line":5,"column":13}},"loc":{"start":{"line":5,"column":0},"end":{"line":33,"column":1}}},"1":{"name":"(anonymous_8)","decl":{"start":{"line":8,"column":10},"end":{"line":8,"column":12}},"loc":{"start":{"line":8,"column":12},"end":{"line":19,"column":null}}},"2":{"name":"(anonymous_10)","decl":{"start":{"line":21,"column":10},"end":{"line":21,"column":13}},"loc":{"start":{"line":21,"column":13},"end":{"line":32,"column":null}}}},"branchMap":{},"s":{"0":0,"1":0,"2":0,"3":0,"4":0,"5":0,"6":0,"7":0,"8":0,"9":0,"10":0,"11":0},"f":{"0":0,"1":0,"2":0},"b":{}}
,"C:\\Users\\didie\\Desktop\\8to\\Mantenimiento de Software\\C3\\habitat-monitoring\\BackEnd_API\\src\\camera\\infrasctructure\\adapters\\mysql\\MySQLCameraRepository.ts": {"path":"C:\\Users\\didie\\Desktop\\8to\\Mantenimiento de Software\\C3\\habitat-monitoring\\BackEnd_API\\src\\camera\\infrasctructure\\adapters\\mysql\\MySQLCameraRepository.ts","statementMap":{"0":{"start":{"line":2,"column":0},"end":{"line":2,"column":68}},"1":{"start":{"line":6,"column":27},"end":{"line":6,"column":49}},"2":{"start":{"line":7,"column":20},"end":{"line":7,"column":68}},"3":{"start":{"line":8,"column":8},"end":{"line":8,"column":49}},"4":{"start":{"line":9,"column":8},"end":{"line":9,"column":44}},"5":{"start":{"line":13,"column":27},"end":{"line":13,"column":49}},"6":{"start":{"line":14,"column":20},"end":{"line":14,"column":68}},"7":{"start":{"line":15,"column":8},"end":{"line":15,"column":50}},"8":{"start":{"line":16,"column":8},"end":{"line":16,"column":45}},"9":{"start":{"line":4,"column":0},"end":{"line":4,"column":13}}},"fnMap":{"0":{"name":"(anonymous_7)","decl":{"start":{"line":5,"column":10},"end":{"line":5,"column":12}},"loc":{"start":{"line":5,"column":12},"end":{"line":10,"column":null}}},"1":{"name":"(anonymous_9)","decl":{"start":{"line":12,"column":10},"end":{"line":12,"column":13}},"loc":{"start":{"line":12,"column":13},"end":{"line":17,"column":null}}}},"branchMap":{},"s":{"0":5,"1":0,"2":0,"3":0,"4":0,"5":0,"6":0,"7":0,"8":0,"9":5},"f":{"0":0,"1":0},"b":{}}
,"C:\\Users\\didie\\Desktop\\8to\\Mantenimiento de Software\\C3\\habitat-monitoring\\BackEnd_API\\src\\camera\\infrasctructure\\controller\\OffController.ts": {"path":"C:\\Users\\didie\\Desktop\\8to\\Mantenimiento de Software\\C3\\habitat-monitoring\\BackEnd_API\\src\\camera\\infrasctructure\\controller\\OffController.ts","statementMap":{"0":{"start":{"line":6,"column":24},"end":{"line":6,"column":58}},"1":{"start":{"line":9,"column":8},"end":{"line":15,"column":9}},"2":{"start":{"line":10,"column":12},"end":{"line":10,"column":50}},"3":{"start":{"line":11,"column":12},"end":{"line":11,"column":50}},"4":{"start":{"line":13,"column":12},"end":{"line":13,"column":62}},"5":{"start":{"line":14,"column":12},"end":{"line":14,"column":69}},"6":{"start":{"line":5,"column":0},"end":{"line":5,"column":13}}},"fnMap":{"0":{"name":"(anonymous_7)","decl":{"start":{"line":6,"column":4},"end":{"line":6,"column":24}},"loc":{"start":{"line":6,"column":58},"end":{"line":6,"column":62}}},"1":{"name":"(anonymous_8)","decl":{"start":{"line":8,"column":10},"end":{"line":8,"column":13}},"loc":{"start":{"line":8,"column":41},"end":{"line":16,"column":null}}}},"branchMap":{},"s":{"0":5,"1":0,"2":0,"3":0,"4":0,"5":0,"6":5},"f":{"0":5,"1":0},"b":{}}
,"C:\\Users\\didie\\Desktop\\8to\\Mantenimiento de Software\\C3\\habitat-monitoring\\BackEnd_API\\src\\camera\\infrasctructure\\controller\\OnController.ts": {"path":"C:\\Users\\didie\\Desktop\\8to\\Mantenimiento de Software\\C3\\habitat-monitoring\\BackEnd_API\\src\\camera\\infrasctructure\\controller\\OnController.ts","statementMap":{"0":{"start":{"line":6,"column":24},"end":{"line":6,"column":56}},"1":{"start":{"line":9,"column":8},"end":{"line":15,"column":9}},"2":{"start":{"line":10,"column":12},"end":{"line":10,"column":49}},"3":{"start":{"line":11,"column":12},"end":{"line":11,"column":49}},"4":{"start":{"line":13,"column":12},"end":{"line":13,"column":61}},"5":{"start":{"line":14,"column":12},"end":{"line":14,"column":69}},"6":{"start":{"line":5,"column":0},"end":{"line":5,"column":13}}},"fnMap":{"0":{"name":"(anonymous_7)","decl":{"start":{"line":6,"column":4},"end":{"line":6,"column":24}},"loc":{"start":{"line":6,"column":56},"end":{"line":6,"column":60}}},"1":{"name":"(anonymous_8)","decl":{"start":{"line":8,"column":10},"end":{"line":8,"column":13}},"loc":{"start":{"line":8,"column":41},"end":{"line":16,"column":null}}}},"branchMap":{},"s":{"0":5,"1":0,"2":0,"3":0,"4":0,"5":0,"6":5},"f":{"0":5,"1":0},"b":{}}
,"C:\\Users\\didie\\Desktop\\8to\\Mantenimiento de Software\\C3\\habitat-monitoring\\BackEnd_API\\src\\camera\\infrasctructure\\routes\\CameraRoutes.ts": {"path":"C:\\Users\\didie\\Desktop\\8to\\Mantenimiento de Software\\C3\\habitat-monitoring\\BackEnd_API\\src\\camera\\infrasctructure\\routes\\CameraRoutes.ts","statementMap":{"0":{"start":{"line":1,"column":0},"end":{"line":1,"column":33}},"1":{"start":{"line":2,"column":0},"end":{"line":2,"column":62}},"2":{"start":{"line":4,"column":13},"end":{"line":4,"column":37}},"3":{"start":{"line":7,"column":0},"end":{"line":7,"column":61}},"4":{"start":{"line":9,"column":0},"end":{"line":9,"column":64}}},"fnMap":{},"branchMap":{},"s":{"0":5,"1":5,"2":5,"3":5,"4":5},"f":{},"b":{}}
,"C:\\Users\\didie\\Desktop\\8to\\Mantenimiento de Software\\C3\\habitat-monitoring\\BackEnd_API\\src\\dht11\\application\\GetDHT11DataByIdUseCase.ts": {"path":"C:\\Users\\didie\\Desktop\\8to\\Mantenimiento de Software\\C3\\habitat-monitoring\\BackEnd_API\\src\\dht11\\application\\GetDHT11DataByIdUseCase.ts","statementMap":{"0":{"start":{"line":4,"column":22},"end":{"line":4,"column":54}},"1":{"start":{"line":7,"column":4},"end":{"line":7,"column":48}},"2":{"start":{"line":3,"column":0},"end":{"line":3,"column":13}}},"fnMap":{"0":{"name":"(anonymous_7)","decl":{"start":{"line":4,"column":2},"end":{"line":4,"column":22}},"loc":{"start":{"line":4,"column":54},"end":{"line":4,"column":58}}},"1":{"name":"(anonymous_8)","decl":{"start":{"line":6,"column":8},"end":{"line":6,"column":15}},"loc":{"start":{"line":6,"column":26},"end":{"line":8,"column":null}}}},"branchMap":{},"s":{"0":5,"1":0,"2":5},"f":{"0":5,"1":0},"b":{}}
,"C:\\Users\\didie\\Desktop\\8to\\Mantenimiento de Software\\C3\\habitat-monitoring\\BackEnd_API\\src\\dht11\\application\\GetDHT11DataUseCase.ts": {"path":"C:\\Users\\didie\\Desktop\\8to\\Mantenimiento de Software\\C3\\habitat-monitoring\\BackEnd_API\\src\\dht11\\application\\GetDHT11DataUseCase.ts","statementMap":{"0":{"start":{"line":4,"column":22},"end":{"line":4,"column":54}},"1":{"start":{"line":7,"column":4},"end":{"line":7,"column":41}},"2":{"start":{"line":3,"column":0},"end":{"line":3,"column":13}}},"fnMap":{"0":{"name":"(anonymous_7)","decl":{"start":{"line":4,"column":2},"end":{"line":4,"column":22}},"loc":{"start":{"line":4,"column":54},"end":{"line":4,"column":58}}},"1":{"name":"(anonymous_8)","decl":{"start":{"line":6,"column":8},"end":{"line":6,"column":15}},"loc":{"start":{"line":6,"column":15},"end":{"line":8,"column":null}}}},"branchMap":{},"s":{"0":5,"1":0,"2":5},"f":{"0":5,"1":0},"b":{}}
,"C:\\Users\\didie\\Desktop\\8to\\Mantenimiento de Software\\C3\\habitat-monitoring\\BackEnd_API\\src\\dht11\\application\\SaveDHT11DataUseCase.ts": {"path":"C:\\Users\\didie\\Desktop\\8to\\Mantenimiento de Software\\C3\\habitat-monitoring\\BackEnd_API\\src\\dht11\\application\\SaveDHT11DataUseCase.ts","statementMap":{"0":{"start":{"line":5,"column":22},"end":{"line":5,"column":54}},"1":{"start":{"line":8,"column":4},"end":{"line":8,"column":42}},"2":{"start":{"line":4,"column":0},"end":{"line":4,"column":13}}},"fnMap":{"0":{"name":"(anonymous_7)","decl":{"start":{"line":5,"column":2},"end":{"line":5,"column":22}},"loc":{"start":{"line":5,"column":54},"end":{"line":5,"column":58}}},"1":{"name":"(anonymous_8)","decl":{"start":{"line":7,"column":8},"end":{"line":7,"column":15}},"loc":{"start":{"line":7,"column":27},"end":{"line":9,"column":null}}}},"branchMap":{},"s":{"0":10,"1":0,"2":5},"f":{"0":10,"1":0},"b":{}}
,"C:\\Users\\didie\\Desktop\\8to\\Mantenimiento de Software\\C3\\habitat-monitoring\\BackEnd_API\\src\\dht11\\domain\\dht11.ts": {"path":"C:\\Users\\didie\\Desktop\\8to\\Mantenimiento de Software\\C3\\habitat-monitoring\\BackEnd_API\\src\\dht11\\domain\\dht11.ts","statementMap":{"0":{"start":{"line":8,"column":8},"end":{"line":8,"column":39}},"1":{"start":{"line":9,"column":8},"end":{"line":9,"column":33}},"2":{"start":{"line":1,"column":0},"end":{"line":1,"column":13}}},"fnMap":{"0":{"name":"(anonymous_0)","decl":{"start":{"line":7,"column":4},"end":{"line":7,"column":16}},"loc":{"start":{"line":7,"column":53},"end":{"line":10,"column":5}}}},"branchMap":{},"s":{"0":0,"1":0,"2":5},"f":{"0":0},"b":{}}
,"C:\\Users\\didie\\Desktop\\8to\\Mantenimiento de Software\\C3\\habitat-monitoring\\BackEnd_API\\src\\dht11\\infrasctructure\\dependencies.ts": {"path":"C:\\Users\\didie\\Desktop\\8to\\Mantenimiento de Software\\C3\\habitat-monitoring\\BackEnd_API\\src\\dht11\\infrasctructure\\dependencies.ts","statementMap":{"0":{"start":{"line":1,"column":0},"end":{"line":1,"column":77}},"1":{"start":{"line":2,"column":0},"end":{"line":2,"column":73}},"2":{"start":{"line":3,"column":0},"end":{"line":3,"column":75}},"3":{"start":{"line":4,"column":0},"end":{"line":4,"column":83}},"4":{"start":{"line":5,"column":0},"end":{"line":5,"column":81}},"5":{"start":{"line":6,"column":0},"end":{"line":6,"column":79}},"6":{"start":{"line":7,"column":0},"end":{"line":7,"column":77}},"7":{"start":{"line":10,"column":46},"end":{"line":10,"column":70}},"8":{"start":{"line":12,"column":13},"end":{"line":12,"column":76}},"9":{"start":{"line":13,"column":13},"end":{"line":13,"column":76}},"10":{"start":{"line":14,"column":13},"end":{"line":14,"column":78}},"11":{"start":{"line":16,"column":13},"end":{"line":16,"column":92}},"12":{"start":{"line":17,"column":13},"end":{"line":17,"column":86}},"13":{"start":{"line":18,"column":13},"end":{"line":18,"column":null}}},"fnMap":{},"branchMap":{},"s":{"0":5,"1":5,"2":5,"3":5,"4":5,"5":5,"6":5,"7":5,"8":5,"9":5,"10":5,"11":5,"12":5,"13":5},"f":{},"b":{}}
,"C:\\Users\\didie\\Desktop\\8to\\Mantenimiento de Software\\C3\\habitat-monitoring\\BackEnd_API\\src\\dht11\\infrasctructure\\adapters\\mongo\\MongoDBDHT11Repository.ts": {"path":"C:\\Users\\didie\\Desktop\\8to\\Mantenimiento de Software\\C3\\habitat-monitoring\\BackEnd_API\\src\\dht11\\infrasctructure\\adapters\\mongo\\MongoDBDHT11Repository.ts","statementMap":{"0":{"start":{"line":3,"column":0},"end":{"line":3,"column":61}},"1":{"start":{"line":10,"column":4},"end":{"line":10,"column":50}},"2":{"start":{"line":14,"column":4},"end":{"line":14,"column":42}},"3":{"start":{"line":18,"column":4},"end":{"line":18,"column":44}},"4":{"start":{"line":22,"column":19},"end":{"line":22,"column":56}},"5":{"start":{"line":23,"column":4},"end":{"line":23,"column":26}},"6":{"start":{"line":6,"column":0},"end":{"line":6,"column":13}}},"fnMap":{"0":{"name":"(anonymous_7)","decl":{"start":{"line":9,"column":2},"end":{"line":9,"column":null}},"loc":{"start":{"line":9,"column":2},"end":{"line":11,"column":3}}},"1":{"name":"(anonymous_8)","decl":{"start":{"line":13,"column":15},"end":{"line":13,"column":19}},"loc":{"start":{"line":13,"column":31},"end":{"line":15,"column":null}}},"2":{"name":"(anonymous_10)","decl":{"start":{"line":17,"column":15},"end":{"line":17,"column":21}},"loc":{"start":{"line":17,"column":21},"end":{"line":19,"column":null}}},"3":{"name":"(anonymous_12)","decl":{"start":{"line":21,"column":15},"end":{"line":21,"column":26}},"loc":{"start":{"line":21,"column":37},"end":{"line":24,"column":null}}}},"branchMap":{"0":{"loc":{"start":{"line":23,"column":11},"end":{"line":23,"column":25}},"type":"binary-expr","locations":[{"start":{"line":23,"column":11},"end":{"line":23,"column":17}},{"start":{"line":23,"column":21},"end":{"line":23,"column":25}}]}},"s":{"0":0,"1":0,"2":0,"3":0,"4":0,"5":0,"6":0},"f":{"0":0,"1":0,"2":0,"3":0},"b":{"0":[0,0]}}
,"C:\\Users\\didie\\Desktop\\8to\\Mantenimiento de Software\\C3\\habitat-monitoring\\BackEnd_API\\src\\dht11\\infrasctructure\\adapters\\mysql\\MySQLDHT11Repository.ts": {"path":"C:\\Users\\didie\\Desktop\\8to\\Mantenimiento de Software\\C3\\habitat-monitoring\\BackEnd_API\\src\\dht11\\infrasctructure\\adapters\\mysql\\MySQLDHT11Repository.ts","statementMap":{"0":{"start":{"line":2,"column":0},"end":{"line":2,"column":46}},"1":{"start":{"line":3,"column":0},"end":{"line":3,"column":68}},"2":{"start":{"line":8,"column":23},"end":{"line":8,"column":45}},"3":{"start":{"line":9,"column":4},"end":{"line":14,"column":5}},"4":{"start":{"line":10,"column":20},"end":{"line":10,"column":171}},"5":{"start":{"line":11,"column":6},"end":{"line":11,"column":73}},"6":{"start":{"line":13,"column":6},"end":{"line":13,"column":27}},"7":{"start":{"line":18,"column":23},"end":{"line":18,"column":45}},"8":{"start":{"line":19,"column":4},"end":{"line":27,"column":5}},"9":{"start":{"line":20,"column":21},"end":{"line":20,"column":88}},"10":{"start":{"line":21,"column":6},"end":{"line":24,"column":9}},"11":{"start":{"line":21,"column":56},"end":{"line":23,"column":null}},"12":{"start":{"line":26,"column":6},"end":{"line":26,"column":27}},"13":{"start":{"line":31,"column":23},"end":{"line":31,"column":45}},"14":{"start":{"line":32,"column":4},"end":{"line":47,"column":5}},"15":{"start":{"line":33,"column":20},"end":{"line":33,"column":74}},"16":{"start":{"line":34,"column":21},"end":{"line":34,"column":58}},"17":{"start":{"line":35,"column":19},"end":{"line":35,"column":52}},"18":{"start":{"line":37,"column":6},"end":{"line":39,"column":7}},"19":{"start":{"line":38,"column":8},"end":{"line":38,"column":20}},"20":{"start":{"line":41,"column":6},"end":{"line":44,"column":8}},"21":{"start":{"line":46,"column":6},"end":{"line":46,"column":27}},"22":{"start":{"line":6,"column":0},"end":{"line":6,"column":13}}},"fnMap":{"0":{"name":"(anonymous_7)","decl":{"start":{"line":7,"column":15},"end":{"line":7,"column":19}},"loc":{"start":{"line":7,"column":31},"end":{"line":15,"column":null}}},"1":{"name":"(anonymous_9)","decl":{"start":{"line":17,"column":15},"end":{"line":17,"column":21}},"loc":{"start":{"line":17,"column":21},"end":{"line":28,"column":null}}},"2":{"name":"(anonymous_11)","decl":{"start":{"line":21,"column":49},"end":{"line":21,"column":52}},"loc":{"start":{"line":21,"column":56},"end":{"line":23,"column":null}}},"3":{"name":"(anonymous_12)","decl":{"start":{"line":30,"column":15},"end":{"line":30,"column":26}},"loc":{"start":{"line":30,"column":37},"end":{"line":48,"column":null}}}},"branchMap":{"0":{"loc":{"start":{"line":37,"column":6},"end":{"line":39,"column":7}},"type":"if","locations":[{"start":{"line":37,"column":6},"end":{"line":39,"column":7}},{"start":{},"end":{}}]}},"s":{"0":5,"1":5,"2":0,"3":0,"4":0,"5":0,"6":0,"7":0,"8":0,"9":0,"10":0,"11":0,"12":0,"13":0,"14":0,"15":0,"16":0,"17":0,"18":0,"19":0,"20":0,"21":0,"22":5},"f":{"0":0,"1":0,"2":0,"3":0},"b":{"0":[0,0]}}
,"C:\\Users\\didie\\Desktop\\8to\\Mantenimiento de Software\\C3\\habitat-monitoring\\BackEnd_API\\src\\dht11\\infrasctructure\\controller\\GetAllDataDHT11Controller.ts": {"path":"C:\\Users\\didie\\Desktop\\8to\\Mantenimiento de Software\\C3\\habitat-monitoring\\BackEnd_API\\src\\dht11\\infrasctructure\\controller\\GetAllDataDHT11Controller.ts","statementMap":{"0":{"start":{"line":5,"column":22},"end":{"line":5,"column":62}},"1":{"start":{"line":8,"column":4},"end":{"line":21,"column":5}},"2":{"start":{"line":9,"column":19},"end":{"line":9,"column":59}},"3":{"start":{"line":10,"column":6},"end":{"line":14,"column":9}},"4":{"start":{"line":16,"column":27},"end":{"line":16,"column":92}},"5":{"start":{"line":17,"column":6},"end":{"line":20,"column":9}},"6":{"start":{"line":4,"column":0},"end":{"line":4,"column":13}}},"fnMap":{"0":{"name":"(anonymous_7)","decl":{"start":{"line":5,"column":2},"end":{"line":5,"column":22}},"loc":{"start":{"line":5,"column":62},"end":{"line":5,"column":66}}},"1":{"name":"(anonymous_8)","decl":{"start":{"line":7,"column":8},"end":{"line":7,"column":11}},"loc":{"start":{"line":7,"column":39},"end":{"line":22,"column":null}}}},"branchMap":{"0":{"loc":{"start":{"line":16,"column":27},"end":{"line":16,"column":92}},"type":"cond-expr","locations":[{"start":{"line":16,"column":52},"end":{"line":16,"column":65}},{"start":{"line":16,"column":68},"end":{"line":16,"column":92}}]}},"s":{"0":5,"1":0,"2":0,"3":0,"4":0,"5":0,"6":5},"f":{"0":5,"1":0},"b":{"0":[0,0]}}
,"C:\\Users\\didie\\Desktop\\8to\\Mantenimiento de Software\\C3\\habitat-monitoring\\BackEnd_API\\src\\dht11\\infrasctructure\\controller\\GetByIdDataDHT11Controller.ts": {"path":"C:\\Users\\didie\\Desktop\\8to\\Mantenimiento de Software\\C3\\habitat-monitoring\\BackEnd_API\\src\\dht11\\infrasctructure\\controller\\GetByIdDataDHT11Controller.ts","statementMap":{"0":{"start":{"line":5,"column":22},"end":{"line":5,"column":62}},"1":{"start":{"line":8,"column":4},"end":{"line":43,"column":5}},"2":{"start":{"line":9,"column":17},"end":{"line":9,"column":44}},"3":{"start":{"line":11,"column":6},"end":{"line":17,"column":7}},"4":{"start":{"line":12,"column":8},"end":{"line":15,"column":11}},"5":{"start":{"line":16,"column":8},"end":{"line":16,"column":15}},"6":{"start":{"line":19,"column":19},"end":{"line":19,"column":61}},"7":{"start":{"line":21,"column":6},"end":{"line":27,"column":7}},"8":{"start":{"line":22,"column":8},"end":{"line":25,"column":11}},"9":{"start":{"line":26,"column":8},"end":{"line":26,"column":15}},"10":{"start":{"line":29,"column":6},"end":{"line":36,"column":9}},"11":{"start":{"line":38,"column":27},"end":{"line":38,"column":92}},"12":{"start":{"line":39,"column":6},"end":{"line":42,"column":9}},"13":{"start":{"line":4,"column":0},"end":{"line":4,"column":13}}},"fnMap":{"0":{"name":"(anonymous_7)","decl":{"start":{"line":5,"column":2},"end":{"line":5,"column":22}},"loc":{"start":{"line":5,"column":62},"end":{"line":5,"column":66}}},"1":{"name":"(anonymous_8)","decl":{"start":{"line":7,"column":8},"end":{"line":7,"column":11}},"loc":{"start":{"line":7,"column":39},"end":{"line":44,"column":null}}}},"branchMap":{"0":{"loc":{"start":{"line":11,"column":6},"end":{"line":17,"column":7}},"type":"if","locations":[{"start":{"line":11,"column":6},"end":{"line":17,"column":7}},{"start":{},"end":{}}]},"1":{"loc":{"start":{"line":21,"column":6},"end":{"line":27,"column":7}},"type":"if","locations":[{"start":{"line":21,"column":6},"end":{"line":27,"column":7}},{"start":{},"end":{}}]},"2":{"loc":{"start":{"line":38,"column":27},"end":{"line":38,"column":92}},"type":"cond-expr","locations":[{"start":{"line":38,"column":52},"end":{"line":38,"column":65}},{"start":{"line":38,"column":68},"end":{"line":38,"column":92}}]}},"s":{"0":5,"1":0,"2":0,"3":0,"4":0,"5":0,"6":0,"7":0,"8":0,"9":0,"10":0,"11":0,"12":0,"13":5},"f":{"0":5,"1":0},"b":{"0":[0,0],"1":[0,0],"2":[0,0]}}
,"C:\\Users\\didie\\Desktop\\8to\\Mantenimiento de Software\\C3\\habitat-monitoring\\BackEnd_API\\src\\dht11\\infrasctructure\\controller\\SaveDataDHT11Controller.ts": {"path":"C:\\Users\\didie\\Desktop\\8to\\Mantenimiento de Software\\C3\\habitat-monitoring\\BackEnd_API\\src\\dht11\\infrasctructure\\controller\\SaveDataDHT11Controller.ts","statementMap":{"0":{"start":{"line":3,"column":0},"end":{"line":3,"column":43}},"1":{"start":{"line":6,"column":22},"end":{"line":6,"column":64}},"2":{"start":{"line":9,"column":4},"end":{"line":33,"column":5}},"3":{"start":{"line":10,"column":51},"end":{"line":10,"column":59}},"4":{"start":{"line":12,"column":6},"end":{"line":18,"column":7}},"5":{"start":{"line":13,"column":8},"end":{"line":16,"column":11}},"6":{"start":{"line":17,"column":8},"end":{"line":17,"column":15}},"7":{"start":{"line":20,"column":23},"end":{"line":20,"column":55}},"8":{"start":{"line":21,"column":6},"end":{"line":21,"column":56}},"9":{"start":{"line":23,"column":6},"end":{"line":26,"column":9}},"10":{"start":{"line":28,"column":27},"end":{"line":28,"column":92}},"11":{"start":{"line":29,"column":6},"end":{"line":32,"column":9}},"12":{"start":{"line":5,"column":0},"end":{"line":5,"column":13}}},"fnMap":{"0":{"name":"(anonymous_7)","decl":{"start":{"line":6,"column":2},"end":{"line":6,"column":22}},"loc":{"start":{"line":6,"column":64},"end":{"line":6,"column":68}}},"1":{"name":"(anonymous_8)","decl":{"start":{"line":8,"column":8},"end":{"line":8,"column":11}},"loc":{"start":{"line":8,"column":39},"end":{"line":34,"column":null}}}},"branchMap":{"0":{"loc":{"start":{"line":12,"column":6},"end":{"line":18,"column":7}},"type":"if","locations":[{"start":{"line":12,"column":6},"end":{"line":18,"column":7}},{"start":{},"end":{}}]},"1":{"loc":{"start":{"line":12,"column":10},"end":{"line":12,"column":61}},"type":"binary-expr","locations":[{"start":{"line":12,"column":10},"end":{"line":12,"column":32}},{"start":{"line":12,"column":36},"end":{"line":12,"column":61}}]},"2":{"loc":{"start":{"line":28,"column":27},"end":{"line":28,"column":92}},"type":"cond-expr","locations":[{"start":{"line":28,"column":52},"end":{"line":28,"column":65}},{"start":{"line":28,"column":68},"end":{"line":28,"column":92}}]}},"s":{"0":5,"1":5,"2":0,"3":0,"4":0,"5":0,"6":0,"7":0,"8":0,"9":0,"10":0,"11":0,"12":5},"f":{"0":5,"1":0},"b":{"0":[0,0],"1":[0,0],"2":[0,0]}}
,"C:\\Users\\didie\\Desktop\\8to\\Mantenimiento de Software\\C3\\habitat-monitoring\\BackEnd_API\\src\\dht11\\infrasctructure\\routes\\dht11Routes.ts": {"path":"C:\\Users\\didie\\Desktop\\8to\\Mantenimiento de Software\\C3\\habitat-monitoring\\BackEnd_API\\src\\dht11\\infrasctructure\\routes\\dht11Routes.ts","statementMap":{"0":{"start":{"line":1,"column":0},"end":{"line":1,"column":33}},"1":{"start":{"line":2,"column":0},"end":{"line":2,"column":108}},"2":{"start":{"line":5,"column":13},"end":{"line":5,"column":34}},"3":{"start":{"line":7,"column":0},"end":{"line":7,"column":85}},"4":{"start":{"line":9,"column":0},"end":{"line":9,"column":84}},"5":{"start":{"line":11,"column":0},"end":{"line":11,"column":83}}},"fnMap":{},"branchMap":{},"s":{"0":5,"1":5,"2":5,"3":5,"4":5,"5":5},"f":{},"b":{}}
,"C:\\Users\\didie\\Desktop\\8to\\Mantenimiento de Software\\C3\\habitat-monitoring\\BackEnd_API\\src\\middlewares\\Auth.ts": {"path":"C:\\Users\\didie\\Desktop\\8to\\Mantenimiento de Software\\C3\\habitat-monitoring\\BackEnd_API\\src\\middlewares\\Auth.ts","statementMap":{"0":{"start":{"line":2,"column":0},"end":{"line":2,"column":31}},"1":{"start":{"line":3,"column":0},"end":{"line":3,"column":28}},"2":{"start":{"line":5,"column":0},"end":{"line":5,"column":16}},"3":{"start":{"line":7,"column":18},"end":{"line":7,"column":50}},"4":{"start":{"line":9,"column":29},"end":{"line":17,"column":1}},"5":{"start":{"line":10,"column":4},"end":{"line":16,"column":5}},"6":{"start":{"line":11,"column":22},"end":{"line":11,"column":68}},"7":{"start":{"line":12,"column":8},"end":{"line":12,"column":21}},"8":{"start":{"line":14,"column":8},"end":{"line":14,"column":29}},"9":{"start":{"line":15,"column":8},"end":{"line":15,"column":20}},"10":{"start":{"line":9,"column":13},"end":{"line":9,"column":29}},"11":{"start":{"line":19,"column":31},"end":{"line":33,"column":1}},"12":{"start":{"line":20,"column":18},"end":{"line":20,"column":58}},"13":{"start":{"line":21,"column":4},"end":{"line":23,"column":5}},"14":{"start":{"line":22,"column":8},"end":{"line":22,"column":54}},"15":{"start":{"line":25,"column":4},"end":{"line":32,"column":7}},"16":{"start":{"line":26,"column":8},"end":{"line":28,"column":9}},"17":{"start":{"line":27,"column":12},"end":{"line":27,"column":58}},"18":{"start":{"line":30,"column":9},"end":{"line":30,"column":36}},"19":{"start":{"line":31,"column":8},"end":{"line":31,"column":15}},"20":{"start":{"line":19,"column":13},"end":{"line":19,"column":31}}},"fnMap":{"0":{"name":"(anonymous_1)","decl":{"start":{"line":9,"column":29},"end":{"line":9,"column":30}},"loc":{"start":{"line":9,"column":43},"end":{"line":17,"column":1}}},"1":{"name":"(anonymous_2)","decl":{"start":{"line":19,"column":31},"end":{"line":19,"column":32}},"loc":{"start":{"line":19,"column":83},"end":{"line":33,"column":1}}},"2":{"name":"(anonymous_3)","decl":{"start":{"line":25,"column":33},"end":{"line":25,"column":34}},"loc":{"start":{"line":25,"column":50},"end":{"line":32,"column":5}}}},"branchMap":{"0":{"loc":{"start":{"line":20,"column":18},"end":{"line":20,"column":58}},"type":"cond-expr","locations":[{"start":{"line":20,"column":43},"end":{"line":20,"column":45}},{"start":{"line":20,"column":43},"end":{"line":20,"column":58}}]},"1":{"loc":{"start":{"line":20,"column":18},"end":{"line":20,"column":45}},"type":"binary-expr","locations":[{"start":{"line":20,"column":18},"end":{"line":20,"column":45}},{"start":{"line":20,"column":43},"end":{"line":20,"column":45}}]},"2":{"loc":{"start":{"line":21,"column":4},"end":{"line":23,"column":5}},"type":"if","locations":[{"start":{"line":21,"column":4},"end":{"line":23,"column":5}},{"start":{},"end":{}}]},"3":{"loc":{"start":{"line":26,"column":8},"end":{"line":28,"column":9}},"type":"if","locations":[{"start":{"line":26,"column":8},"end":{"line":28,"column":9}},{"start":{},"end":{}}]}},"s":{"0":5,"1":5,"2":5,"3":5,"4":5,"5":0,"6":0,"7":0,"8":0,"9":0,"10":5,"11":5,"12":0,"13":0,"14":0,"15":0,"16":0,"17":0,"18":0,"19":0,"20":5},"f":{"0":0,"1":0,"2":0},"b":{"0":[0,0],"1":[0,0],"2":[0,0],"3":[0,0]}}
}
