TN:
SF:src\app.ts
FN:41,(anonymous_1)
FN:51,(anonymous_2)
FNF:2
FNH:0
FNDA:0,(anonymous_1)
FNDA:0,(anonymous_2)
DA:1,5
DA:2,5
DA:3,5
DA:4,5
DA:5,5
DA:6,5
DA:7,5
DA:8,5
DA:9,5
DA:10,5
DA:13,5
DA:16,5
DA:19,5
DA:20,5
DA:21,5
DA:22,5
DA:25,5
DA:26,5
DA:27,5
DA:28,5
DA:31,5
DA:32,5
DA:35,5
DA:36,5
DA:37,5
DA:38,5
DA:41,5
DA:42,0
DA:43,0
DA:51,5
DA:52,0
DA:60,5
LF:32
LH:29
BRDA:46,0,0,0
BRDA:46,0,1,0
BRDA:55,1,0,0
BRDA:55,1,1,0
BRF:4
BRH:0
end_of_record
TN:
SF:src\animal\application\GetAllAnimalUseCase.ts
FN:4,(anonymous_7)
FN:6,(anonymous_8)
FNF:2
FNH:1
FNDA:5,(anonymous_7)
FNDA:0,(anonymous_8)
DA:3,5
DA:4,5
DA:7,0
LF:3
LH:2
BRF:0
BRH:0
end_of_record
TN:
SF:src\animal\application\GetByIdAnimalUseCase.ts
FN:5,(anonymous_7)
FN:7,(anonymous_8)
FNF:2
FNH:1
FNDA:5,(anonymous_7)
FNDA:0,(anonymous_8)
DA:4,5
DA:5,5
DA:8,0
DA:10,0
DA:11,0
DA:14,0
DA:15,0
DA:18,0
LF:8
LH:2
BRDA:10,0,0,0
BRDA:10,0,1,0
BRDA:14,1,0,0
BRDA:14,1,1,0
BRF:4
BRH:0
end_of_record
TN:
SF:src\animal\application\RegisterAnimalUseCase.ts
FN:5,(anonymous_7)
FN:7,(anonymous_8)
FNF:2
FNH:1
FNDA:5,(anonymous_7)
FNDA:0,(anonymous_8)
DA:4,5
DA:5,5
DA:8,0
DA:9,0
LF:4
LH:2
BRF:0
BRH:0
end_of_record
TN:
SF:src\animal\domain\Animal.ts
FN:13,(anonymous_0)
FNF:1
FNH:0
FNDA:0,(anonymous_0)
DA:1,5
DA:14,0
DA:15,0
DA:16,0
DA:17,0
DA:18,0
DA:19,0
DA:20,0
DA:21,0
DA:22,0
DA:23,0
LF:11
LH:1
BRF:0
BRH:0
end_of_record
TN:
SF:src\animal\infrasctucture\dependencies.ts
FNF:0
FNH:0
DA:1,5
DA:2,5
DA:3,5
DA:4,5
DA:5,5
DA:6,5
DA:7,5
DA:10,5
DA:12,5
DA:13,5
DA:14,5
DA:16,5
DA:17,5
DA:18,5
LF:14
LH:14
BRF:0
BRH:0
end_of_record
TN:
SF:src\animal\infrasctucture\adapters\mongo\MongoDBAnimalRepository.ts
FN:7,(anonymous_7)
FN:10,(anonymous_9)
FN:24,(anonymous_10)
FN:29,(anonymous_12)
FN:49,(anonymous_14)
FN:52,(anonymous_16)
FNF:6
FNH:0
FNDA:0,(anonymous_7)
FNDA:0,(anonymous_9)
FNDA:0,(anonymous_10)
FNDA:0,(anonymous_12)
FNDA:0,(anonymous_14)
FNDA:0,(anonymous_16)
DA:1,0
DA:2,0
DA:4,0
DA:6,0
DA:8,0
DA:9,0
DA:10,0
DA:25,0
DA:26,0
DA:30,0
DA:31,0
DA:32,0
DA:33,0
DA:46,0
DA:50,0
DA:51,0
DA:52,0
LF:17
LH:0
BRDA:32,0,0,0
BRDA:32,0,1,0
BRF:2
BRH:0
end_of_record
TN:
SF:src\animal\infrasctucture\adapters\mysql\MySqlDBAnimalRepository.ts
FN:6,(anonymous_7)
FN:12,(anonymous_9)
FN:26,(anonymous_10)
FN:33,(anonymous_12)
FN:58,(anonymous_14)
FN:64,(anonymous_16)
FNF:6
FNH:0
FNDA:0,(anonymous_7)
FNDA:0,(anonymous_9)
FNDA:0,(anonymous_10)
FNDA:0,(anonymous_12)
FNDA:0,(anonymous_14)
FNDA:0,(anonymous_16)
DA:1,5
DA:3,5
DA:5,5
DA:7,0
DA:8,0
DA:9,0
DA:10,0
DA:12,0
DA:27,0
DA:29,0
DA:30,0
DA:34,0
DA:35,0
DA:36,0
DA:37,0
DA:39,0
DA:40,0
DA:43,0
DA:44,0
DA:59,0
DA:60,0
DA:61,0
DA:62,0
DA:64,0
LF:24
LH:3
BRDA:39,0,0,0
BRDA:39,0,1,0
BRF:2
BRH:0
end_of_record
TN:
SF:src\animal\infrasctucture\controller\GetAllAnimalController.ts
FN:5,(anonymous_7)
FN:7,(anonymous_8)
FNF:2
FNH:1
FNDA:5,(anonymous_7)
FNDA:0,(anonymous_8)
DA:4,5
DA:5,5
DA:8,0
DA:9,0
DA:10,0
DA:12,0
DA:17,0
DA:18,0
LF:8
LH:2
BRDA:17,0,0,0
BRDA:17,0,1,0
BRF:2
BRH:0
end_of_record
TN:
SF:src\animal\infrasctucture\controller\GetByIdAnimalController.ts
FN:7,(anonymous_7)
FN:9,(anonymous_8)
FNF:2
FNH:1
FNDA:5,(anonymous_7)
FNDA:0,(anonymous_8)
DA:6,5
DA:7,5
DA:10,0
DA:11,0
DA:12,0
DA:13,0
DA:15,0
DA:21,0
DA:22,0
LF:9
LH:2
BRDA:21,0,0,0
BRDA:21,0,1,0
BRF:2
BRH:0
end_of_record
TN:
SF:src\animal\infrasctucture\controller\RegisterAnimalController.ts
FN:6,(anonymous_7)
FN:8,(anonymous_8)
FNF:2
FNH:1
FNDA:5,(anonymous_7)
FNDA:0,(anonymous_8)
DA:3,5
DA:5,5
DA:6,5
DA:9,0
DA:10,0
DA:11,0
DA:13,0
DA:25,0
DA:27,0
DA:32,0
DA:33,0
LF:11
LH:3
BRDA:32,0,0,0
BRDA:32,0,1,0
BRF:2
BRH:0
end_of_record
TN:
SF:src\animal\infrasctucture\routes\AnimalRoutes.ts
FNF:0
FNH:0
DA:1,5
DA:2,5
DA:3,5
DA:5,5
DA:7,5
DA:9,5
DA:11,5
LF:7
LH:7
BRF:0
BRH:0
end_of_record
TN:
SF:src\auth\application\GetAllUsersWithAnimalsUseCase .ts
FN:6,(anonymous_7)
FN:8,(anonymous_8)
FNF:2
FNH:1
FNDA:5,(anonymous_7)
FNDA:0,(anonymous_8)
DA:5,5
DA:6,5
DA:9,0
DA:10,0
DA:11,0
DA:12,0
DA:14,0
LF:7
LH:2
BRF:0
BRH:0
end_of_record
TN:
SF:src\auth\application\GetByIdUserUseCase.ts
FN:5,(anonymous_7)
FN:7,(anonymous_8)
FNF:2
FNH:1
FNDA:5,(anonymous_7)
FNDA:0,(anonymous_8)
DA:4,5
DA:5,5
DA:8,0
LF:3
LH:2
BRF:0
BRH:0
end_of_record
TN:
SF:src\auth\application\LogOutUseCase.ts
FN:6,(anonymous_7)
FN:10,(anonymous_8)
FNF:2
FNH:1
FNDA:5,(anonymous_7)
FNDA:0,(anonymous_8)
DA:3,5
DA:7,5
DA:11,0
DA:12,0
DA:14,0
LF:5
LH:2
BRF:0
BRH:0
end_of_record
TN:
SF:src\auth\application\LoginUserUseCase.ts
FN:8,(anonymous_8)
FN:12,(anonymous_9)
FN:39,(anonymous_11)
FNF:3
FNH:1
FNDA:5,(anonymous_8)
FNDA:0,(anonymous_9)
FNDA:0,(anonymous_11)
DA:2,5
DA:3,5
DA:5,5
DA:9,5
DA:13,0
DA:15,0
DA:16,0
DA:19,0
DA:21,0
DA:22,0
DA:25,0
DA:27,0
DA:28,0
DA:31,0
DA:32,0
DA:34,0
DA:36,0
DA:40,0
LF:18
LH:4
BRDA:15,0,0,0
BRDA:15,0,1,0
BRDA:21,1,0,0
BRDA:21,1,1,0
BRDA:27,2,0,0
BRDA:27,2,1,0
BRF:6
BRH:0
end_of_record
TN:
SF:src\auth\application\RegisterUserUserCase.ts
FN:13,(anonymous_8)
FN:17,(anonymous_9)
FNF:2
FNH:2
FNDA:5,(anonymous_8)
FNDA:15,(anonymous_9)
DA:1,5
DA:3,5
DA:4,5
DA:6,5
DA:8,5
DA:10,5
DA:14,5
DA:18,15
DA:19,15
DA:20,15
LF:10
LH:10
BRF:0
BRH:0
end_of_record
TN:
SF:src\auth\domain\User.ts
FN:12,(anonymous_0)
FNF:1
FNH:1
FNDA:15,(anonymous_0)
DA:3,5
DA:9,15
DA:13,15
DA:14,15
DA:15,15
DA:16,15
DA:17,15
DA:18,15
DA:19,15
LF:9
LH:9
BRDA:12,0,0,15
BRDA:12,1,0,15
BRF:2
BRH:2
end_of_record
TN:
SF:src\auth\infrasctucture\dependencies.ts
FNF:0
FNH:0
DA:1,5
DA:2,5
DA:3,5
DA:4,5
DA:5,5
DA:6,5
DA:7,5
DA:8,5
DA:9,5
DA:10,5
DA:11,5
DA:12,5
DA:15,5
DA:17,5
DA:19,5
DA:20,5
DA:22,5
DA:23,5
DA:24,5
DA:25,5
DA:26,5
DA:28,5
DA:29,5
DA:30,5
DA:31,5
DA:32,5
LF:26
LH:26
BRF:0
BRH:0
end_of_record
TN:
SF:src\auth\infrasctucture\adapters\mongo\MongoDBUserRepository.ts
FN:8,(anonymous_8)
FN:13,(anonymous_10)
FN:27,(anonymous_12)
FN:30,(anonymous_14)
FN:41,(anonymous_15)
FN:49,(anonymous_17)
FN:57,(anonymous_19)
FNF:7
FNH:0
FNDA:0,(anonymous_8)
FNDA:0,(anonymous_10)
FNDA:0,(anonymous_12)
FNDA:0,(anonymous_14)
FNDA:0,(anonymous_15)
FNDA:0,(anonymous_17)
FNDA:0,(anonymous_19)
DA:1,0
DA:2,0
DA:4,0
DA:5,0
DA:7,0
DA:9,0
DA:10,0
DA:14,0
DA:15,0
DA:17,0
DA:18,0
DA:19,0
DA:20,0
DA:24,0
DA:28,0
DA:29,0
DA:30,0
DA:42,0
DA:43,0
DA:50,0
DA:51,0
DA:58,0
DA:59,0
DA:61,0
DA:62,0
DA:73,0
LF:26
LH:0
BRDA:17,0,0,0
BRDA:17,0,1,0
BRDA:19,1,0,0
BRDA:19,1,1,0
BRDA:61,2,0,0
BRDA:61,2,1,0
BRF:6
BRH:0
end_of_record
TN:
SF:src\auth\infrasctucture\adapters\mysql\MySqlDBUserRepository.ts
FN:7,(anonymous_7)
FN:13,(anonymous_9)
FN:27,(anonymous_11)
FN:33,(anonymous_13)
FN:44,(anonymous_14)
FN:50,(anonymous_16)
FN:56,(anonymous_18)
FN:73,(anonymous_20)
FNF:8
FNH:1
FNDA:15,(anonymous_7)
FNDA:0,(anonymous_9)
FNDA:0,(anonymous_11)
FNDA:0,(anonymous_13)
FNDA:0,(anonymous_14)
FNDA:0,(anonymous_16)
FNDA:0,(anonymous_18)
FNDA:0,(anonymous_20)
DA:1,5
DA:2,5
DA:4,5
DA:6,5
DA:8,15
DA:9,15
DA:10,15
DA:14,0
DA:15,0
DA:16,0
DA:17,0
DA:19,0
DA:20,0
DA:23,0
DA:24,0
DA:28,0
DA:29,0
DA:30,0
DA:31,0
DA:33,0
DA:45,0
DA:46,0
DA:47,0
DA:51,0
DA:52,0
DA:53,0
DA:57,0
DA:58,0
DA:59,0
DA:60,0
DA:62,0
DA:63,0
DA:66,0
DA:69,0
DA:70,0
DA:71,0
DA:73,0
DA:86,0
LF:38
LH:7
BRDA:19,0,0,0
BRDA:19,0,1,0
BRDA:62,1,0,0
BRDA:62,1,1,0
BRF:4
BRH:0
end_of_record
TN:
SF:src\auth\infrasctucture\controller\GetAllUsersWithAnimalsController.ts
FN:5,(anonymous_7)
FN:7,(anonymous_8)
FN:11,(anonymous_10)
FNF:3
FNH:1
FNDA:5,(anonymous_7)
FNDA:0,(anonymous_8)
FNDA:0,(anonymous_10)
DA:4,5
DA:5,5
DA:8,0
DA:9,0
DA:11,0
DA:18,0
DA:24,0
DA:25,0
LF:8
LH:2
BRDA:24,0,0,0
BRDA:24,0,1,0
BRF:2
BRH:0
end_of_record
TN:
SF:src\auth\infrasctucture\controller\GetByIdUserController.ts
FN:8,(anonymous_7)
FN:12,(anonymous_8)
FN:27,(anonymous_10)
FNF:3
FNH:1
FNDA:5,(anonymous_7)
FNDA:0,(anonymous_8)
FNDA:0,(anonymous_10)
DA:5,5
DA:9,5
DA:13,0
DA:14,0
DA:16,0
DA:17,0
DA:18,0
DA:19,0
DA:22,0
DA:27,0
DA:40,0
DA:42,0
LF:12
LH:2
BRDA:17,0,0,0
BRDA:17,0,1,0
BRF:2
BRH:0
end_of_record
TN:
SF:src\auth\infrasctucture\controller\LogOutController.ts
FN:5,(anonymous_7)
FN:7,(anonymous_8)
FNF:2
FNH:1
FNDA:5,(anonymous_7)
FNDA:0,(anonymous_8)
DA:4,5
DA:5,5
DA:8,0
DA:10,0
DA:11,0
DA:12,0
DA:15,0
DA:16,0
DA:17,0
DA:19,0
DA:20,0
LF:11
LH:2
BRDA:8,0,0,0
BRDA:8,0,1,0
BRDA:8,1,0,0
BRDA:8,1,1,0
BRDA:10,2,0,0
BRDA:10,2,1,0
BRF:6
BRH:0
end_of_record
TN:
SF:src\auth\infrasctucture\controller\LoginController.ts
FN:5,(anonymous_7)
FN:7,(anonymous_8)
FNF:2
FNH:1
FNDA:5,(anonymous_7)
FNDA:0,(anonymous_8)
DA:4,5
DA:5,5
DA:8,0
DA:9,0
DA:10,0
DA:12,0
DA:19,0
DA:20,0
LF:8
LH:2
BRDA:19,0,0,0
BRDA:19,0,1,0
BRF:2
BRH:0
end_of_record
TN:
SF:src\auth\infrasctucture\controller\RegisterController.ts
FN:5,(anonymous_7)
FN:7,(anonymous_8)
FNF:2
FNH:2
FNDA:5,(anonymous_7)
FNDA:29,(anonymous_8)
DA:4,5
DA:5,5
DA:8,29
DA:9,29
DA:12,29
DA:13,5
DA:20,24
DA:21,1
DA:28,23
DA:29,2
DA:36,21
DA:37,1
DA:45,20
DA:48,20
DA:51,20
DA:52,1
DA:61,19
DA:62,1
DA:71,18
DA:72,0
DA:81,18
DA:82,3
DA:91,15
DA:92,0
DA:101,15
DA:103,12
DA:108,3
DA:111,3
DA:112,2
DA:121,1
LF:30
LH:28
BRDA:12,0,0,5
BRDA:12,0,1,24
BRDA:12,1,0,29
BRDA:12,1,1,25
BRDA:20,2,0,1
BRDA:20,2,1,23
BRDA:20,3,0,24
BRDA:20,3,1,23
BRDA:28,4,0,2
BRDA:28,4,1,21
BRDA:28,5,0,23
BRDA:28,5,1,21
BRDA:36,6,0,1
BRDA:36,6,1,20
BRDA:36,7,0,21
BRDA:36,7,1,20
BRDA:51,8,0,1
BRDA:51,8,1,19
BRDA:61,9,0,1
BRDA:61,9,1,18
BRDA:61,10,0,19
BRDA:61,10,1,19
BRDA:71,11,0,0
BRDA:71,11,1,18
BRDA:81,12,0,3
BRDA:81,12,1,15
BRDA:91,13,0,0
BRDA:91,13,1,15
BRDA:108,14,0,3
BRDA:108,14,1,0
BRDA:111,15,0,2
BRDA:111,15,1,1
BRDA:111,16,0,3
BRDA:111,16,1,2
BRF:34
BRH:31
end_of_record
TN:
SF:src\auth\infrasctucture\router\UserRoutes.ts
FNF:0
FNH:0
DA:1,5
DA:2,5
DA:3,5
DA:5,5
DA:7,5
DA:8,5
DA:9,5
DA:10,5
DA:11,5
LF:9
LH:9
BRF:0
BRH:0
end_of_record
TN:
SF:src\camera\application\CameraOffUseCase.ts
FN:4,(anonymous_7)
FN:6,(anonymous_8)
FNF:2
FNH:1
FNDA:5,(anonymous_7)
FNDA:0,(anonymous_8)
DA:3,5
DA:4,5
DA:7,0
LF:3
LH:2
BRF:0
BRH:0
end_of_record
TN:
SF:src\camera\application\CameraOnUseCase.ts
FN:4,(anonymous_7)
FN:6,(anonymous_8)
FNF:2
FNH:1
FNDA:5,(anonymous_7)
FNDA:0,(anonymous_8)
DA:3,5
DA:4,5
DA:7,0
LF:3
LH:2
BRF:0
BRH:0
end_of_record
TN:
SF:src\camera\domain\Camera.ts
FN:2,(anonymous_0)
FNF:1
FNH:0
FNDA:0,(anonymous_0)
DA:1,0
DA:3,0
DA:4,0
LF:3
LH:0
BRF:0
BRH:0
end_of_record
TN:
SF:src\camera\infrasctructure\dependencies.ts
FNF:0
FNH:0
DA:1,5
DA:2,5
DA:3,5
DA:4,5
DA:5,5
DA:7,5
DA:9,5
DA:11,5
DA:13,5
DA:14,5
DA:16,5
DA:17,5
LF:12
LH:12
BRF:0
BRH:0
end_of_record
TN:
SF:src\camera\infrasctructure\adapters\mongo\MongoDBCameraRepository.ts
FN:5,(anonymous_7)
FN:8,(anonymous_8)
FN:21,(anonymous_10)
FNF:3
FNH:0
FNDA:0,(anonymous_7)
FNDA:0,(anonymous_8)
FNDA:0,(anonymous_10)
DA:2,0
DA:3,0
DA:5,0
DA:6,0
DA:9,0
DA:11,0
DA:12,0
DA:18,0
DA:22,0
DA:24,0
DA:25,0
DA:31,0
LF:12
LH:0
BRF:0
BRH:0
end_of_record
TN:
SF:src\camera\infrasctructure\adapters\mysql\MySQLCameraRepository.ts
FN:5,(anonymous_7)
FN:12,(anonymous_9)
FNF:2
FNH:0
FNDA:0,(anonymous_7)
FNDA:0,(anonymous_9)
DA:2,5
DA:4,5
DA:6,0
DA:7,0
DA:8,0
DA:9,0
DA:13,0
DA:14,0
DA:15,0
DA:16,0
LF:10
LH:2
BRF:0
BRH:0
end_of_record
TN:
SF:src\camera\infrasctructure\controller\OffController.ts
FN:6,(anonymous_7)
FN:8,(anonymous_8)
FNF:2
FNH:1
FNDA:5,(anonymous_7)
FNDA:0,(anonymous_8)
DA:5,5
DA:6,5
DA:9,0
DA:10,0
DA:11,0
DA:13,0
DA:14,0
LF:7
LH:2
BRF:0
BRH:0
end_of_record
TN:
SF:src\camera\infrasctructure\controller\OnController.ts
FN:6,(anonymous_7)
FN:8,(anonymous_8)
FNF:2
FNH:1
FNDA:5,(anonymous_7)
FNDA:0,(anonymous_8)
DA:5,5
DA:6,5
DA:9,0
DA:10,0
DA:11,0
DA:13,0
DA:14,0
LF:7
LH:2
BRF:0
BRH:0
end_of_record
TN:
SF:src\camera\infrasctructure\routes\CameraRoutes.ts
FNF:0
FNH:0
DA:1,5
DA:2,5
DA:4,5
DA:7,5
DA:9,5
LF:5
LH:5
BRF:0
BRH:0
end_of_record
TN:
SF:src\dht11\application\GetDHT11DataByIdUseCase.ts
FN:4,(anonymous_7)
FN:6,(anonymous_8)
FNF:2
FNH:1
FNDA:5,(anonymous_7)
FNDA:0,(anonymous_8)
DA:3,5
DA:4,5
DA:7,0
LF:3
LH:2
BRF:0
BRH:0
end_of_record
TN:
SF:src\dht11\application\GetDHT11DataUseCase.ts
FN:4,(anonymous_7)
FN:6,(anonymous_8)
FNF:2
FNH:1
FNDA:5,(anonymous_7)
FNDA:0,(anonymous_8)
DA:3,5
DA:4,5
DA:7,0
LF:3
LH:2
BRF:0
BRH:0
end_of_record
TN:
SF:src\dht11\application\SaveDHT11DataUseCase.ts
FN:5,(anonymous_7)
FN:7,(anonymous_8)
FNF:2
FNH:1
FNDA:10,(anonymous_7)
FNDA:0,(anonymous_8)
DA:4,5
DA:5,10
DA:8,0
LF:3
LH:2
BRF:0
BRH:0
end_of_record
TN:
SF:src\dht11\domain\dht11.ts
FN:7,(anonymous_0)
FNF:1
FNH:0
FNDA:0,(anonymous_0)
DA:1,5
DA:8,0
DA:9,0
LF:3
LH:1
BRF:0
BRH:0
end_of_record
TN:
SF:src\dht11\infrasctructure\dependencies.ts
FNF:0
FNH:0
DA:1,5
DA:2,5
DA:3,5
DA:4,5
DA:5,5
DA:6,5
DA:7,5
DA:10,5
DA:12,5
DA:13,5
DA:14,5
DA:16,5
DA:17,5
DA:18,5
LF:14
LH:14
BRF:0
BRH:0
end_of_record
TN:
SF:src\dht11\infrasctructure\adapters\mongo\MongoDBDHT11Repository.ts
FN:9,(anonymous_7)
FN:13,(anonymous_8)
FN:17,(anonymous_10)
FN:21,(anonymous_12)
FNF:4
FNH:0
FNDA:0,(anonymous_7)
FNDA:0,(anonymous_8)
FNDA:0,(anonymous_10)
FNDA:0,(anonymous_12)
DA:3,0
DA:6,0
DA:10,0
DA:14,0
DA:18,0
DA:22,0
DA:23,0
LF:7
LH:0
BRDA:23,0,0,0
BRDA:23,0,1,0
BRF:2
BRH:0
end_of_record
TN:
SF:src\dht11\infrasctructure\adapters\mysql\MySQLDHT11Repository.ts
FN:7,(anonymous_7)
FN:17,(anonymous_9)
FN:21,(anonymous_11)
FN:30,(anonymous_12)
FNF:4
FNH:0
FNDA:0,(anonymous_7)
FNDA:0,(anonymous_9)
FNDA:0,(anonymous_11)
FNDA:0,(anonymous_12)
DA:2,5
DA:3,5
DA:6,5
DA:8,0
DA:9,0
DA:10,0
DA:11,0
DA:13,0
DA:18,0
DA:19,0
DA:20,0
DA:21,0
DA:26,0
DA:31,0
DA:32,0
DA:33,0
DA:34,0
DA:35,0
DA:37,0
DA:38,0
DA:41,0
DA:46,0
LF:22
LH:3
BRDA:37,0,0,0
BRDA:37,0,1,0
BRF:2
BRH:0
end_of_record
TN:
SF:src\dht11\infrasctructure\controller\GetAllDataDHT11Controller.ts
FN:5,(anonymous_7)
FN:7,(anonymous_8)
FNF:2
FNH:1
FNDA:5,(anonymous_7)
FNDA:0,(anonymous_8)
DA:4,5
DA:5,5
DA:8,0
DA:9,0
DA:10,0
DA:16,0
DA:17,0
LF:7
LH:2
BRDA:16,0,0,0
BRDA:16,0,1,0
BRF:2
BRH:0
end_of_record
TN:
SF:src\dht11\infrasctructure\controller\GetByIdDataDHT11Controller.ts
FN:5,(anonymous_7)
FN:7,(anonymous_8)
FNF:2
FNH:1
FNDA:5,(anonymous_7)
FNDA:0,(anonymous_8)
DA:4,5
DA:5,5
DA:8,0
DA:9,0
DA:11,0
DA:12,0
DA:16,0
DA:19,0
DA:21,0
DA:22,0
DA:26,0
DA:29,0
DA:38,0
DA:39,0
LF:14
LH:2
BRDA:11,0,0,0
BRDA:11,0,1,0
BRDA:21,1,0,0
BRDA:21,1,1,0
BRDA:38,2,0,0
BRDA:38,2,1,0
BRF:6
BRH:0
end_of_record
TN:
SF:src\dht11\infrasctructure\controller\SaveDataDHT11Controller.ts
FN:6,(anonymous_7)
FN:8,(anonymous_8)
FNF:2
FNH:1
FNDA:5,(anonymous_7)
FNDA:0,(anonymous_8)
DA:3,5
DA:5,5
DA:6,5
DA:9,0
DA:10,0
DA:12,0
DA:13,0
DA:17,0
DA:20,0
DA:21,0
DA:23,0
DA:28,0
DA:29,0
LF:13
LH:3
BRDA:12,0,0,0
BRDA:12,0,1,0
BRDA:12,1,0,0
BRDA:12,1,1,0
BRDA:28,2,0,0
BRDA:28,2,1,0
BRF:6
BRH:0
end_of_record
TN:
SF:src\dht11\infrasctructure\routes\dht11Routes.ts
FNF:0
FNH:0
DA:1,5
DA:2,5
DA:5,5
DA:7,5
DA:9,5
DA:11,5
LF:6
LH:6
BRF:0
BRH:0
end_of_record
TN:
SF:src\middlewares\Auth.ts
FN:9,(anonymous_1)
FN:19,(anonymous_2)
FN:25,(anonymous_3)
FNF:3
FNH:0
FNDA:0,(anonymous_1)
FNDA:0,(anonymous_2)
FNDA:0,(anonymous_3)
DA:2,5
DA:3,5
DA:5,5
DA:7,5
DA:9,5
DA:10,0
DA:11,0
DA:12,0
DA:14,0
DA:15,0
DA:19,5
DA:20,0
DA:21,0
DA:22,0
DA:25,0
DA:26,0
DA:27,0
DA:30,0
DA:31,0
LF:19
LH:6
BRDA:20,0,0,0
BRDA:20,0,1,0
BRDA:20,1,0,0
BRDA:20,1,1,0
BRDA:21,2,0,0
BRDA:21,2,1,0
BRDA:26,3,0,0
BRDA:26,3,1,0
BRF:8
BRH:0
end_of_record
